;  LST file generated by mikroListExporter - v.2.0 
; Date/Time: 05.03.2016 21:24:20
;----------------------------------------------

;Address Opcode 	ASM
0x0000	0xF003EF9D  	GOTO        1850
0x0004	0x0000      	NOP
0x0006	0x0000      	NOP
0x0008	0xF000EF00  	GOTO        0
0x000C	0x0000      	NOP
0x000E	0x0000      	NOP
0x0010	0x0000      	NOP
0x0012	0x0000      	NOP
0x0014	0x0000      	NOP
0x0016	0x0000      	NOP
0x0018	0xD7F3      	BRA         0
_Delay_1us:
;__Lib_Delays.c,7 :: 		void Delay_1us() {
;__Lib_Delays.c,8 :: 		Delay_us(1);
0x001C	0x0E03      	MOVLW       3
0x001E	0x6E0D      	MOVWF       R13, 0
L_Delay_1us0:
0x0020	0x2E0D      	DECFSZ      R13, 1, 0
0x0022	0xD7FE      	BRA         L_Delay_1us0
0x0024	0x0000      	NOP
0x0026	0x0000      	NOP
;__Lib_Delays.c,9 :: 		}
L_end_Delay_1us:
0x0028	0x0012      	RETURN      0
; end of _Delay_1us
_Delay_5500us:
;__Lib_Delays.c,31 :: 		void Delay_5500us() {
;__Lib_Delays.c,32 :: 		Delay_us(5500);
0x002A	0x0E56      	MOVLW       86
0x002C	0x6E0C      	MOVWF       R12, 0
0x002E	0x0EB5      	MOVLW       181
0x0030	0x6E0D      	MOVWF       R13, 0
L_Delay_5500us6:
0x0032	0x2E0D      	DECFSZ      R13, 1, 0
0x0034	0xD7FE      	BRA         L_Delay_5500us6
0x0036	0x2E0C      	DECFSZ      R12, 1, 0
0x0038	0xD7FC      	BRA         L_Delay_5500us6
0x003A	0x0000      	NOP
0x003C	0x0000      	NOP
;__Lib_Delays.c,33 :: 		}
L_end_Delay_5500us:
0x003E	0x0012      	RETURN      0
; end of _Delay_5500us
_Delay_50us:
;__Lib_Delays.c,19 :: 		void Delay_50us() {
;__Lib_Delays.c,20 :: 		Delay_us(50);
0x0040	0x0EC7      	MOVLW       199
0x0042	0x6E0D      	MOVWF       R13, 0
L_Delay_50us3:
0x0044	0x2E0D      	DECFSZ      R13, 1, 0
0x0046	0xD7FE      	BRA         L_Delay_50us3
0x0048	0x0000      	NOP
0x004A	0x0000      	NOP
;__Lib_Delays.c,21 :: 		}
L_end_Delay_50us:
0x004C	0x0012      	RETURN      0
; end of _Delay_50us
_RES032:
;__Lib_MathDouble.c,128 :: 		
;__Lib_MathDouble.c,134 :: 		
0x004E	0x6A02      	CLRF        R2, 0
;__Lib_MathDouble.c,135 :: 		
0x0050	0x6A01      	CLRF        R1, 0
;__Lib_MathDouble.c,136 :: 		
0x0052	0x6A00      	CLRF        R0, 0
;__Lib_MathDouble.c,137 :: 		
0x0054	0x6A08      	CLRF        R8, 0
;__Lib_MathDouble.c,138 :: 		
0x0056	0x6A03      	CLRF        R3, 0
;__Lib_MathDouble.c,139 :: 		
0x0058	0x0E00      	MOVLW       0
;__Lib_MathDouble.c,141 :: 		
L_end_RES032:
0x005A	0x0012      	RETURN      0
; end of _RES032
_Div_16x16_S_L:
;__Lib_Math.c,139 :: 		
;__Lib_Math.c,146 :: 		
0x005C	0x3401      	RLCF        R1, 0, 0
;__Lib_Math.c,147 :: 		
0x005E	0x3608      	RLCF        R8, 1, 0
;__Lib_Math.c,148 :: 		
0x0060	0x3609      	RLCF        R9, 1, 0
;__Lib_Math.c,149 :: 		
0x0062	0x5004      	MOVF        R4, 0, 0
;__Lib_Math.c,150 :: 		
0x0064	0x5E08      	SUBWF       R8, 1, 0
;__Lib_Math.c,151 :: 		
0x0066	0x5005      	MOVF        R5, 0, 0
;__Lib_Math.c,152 :: 		
0x0068	0xA0D8      	BTFSS       STATUS, 0, 0
;__Lib_Math.c,153 :: 		
0x006A	0x3C05      	INCFSZ      R5, 0, 0
;__Lib_Math.c,154 :: 		
0x006C	0x5E09      	SUBWF       R9, 1, 0
;__Lib_Math.c,155 :: 		
0x006E	0x3600      	RLCF        R0, 1, 0
;__Lib_Math.c,156 :: 		
0x0070	0x3601      	RLCF        R1, 1, 0
;__Lib_Math.c,158 :: 		
0x0072	0x0E0F      	MOVLW       15
;__Lib_Math.c,159 :: 		
0x0074	0x6E0C      	MOVWF       R12, 0
;__Lib_Math.c,161 :: 		
0x0076	0x3401      	RLCF        R1, 0, 0
;__Lib_Math.c,162 :: 		
0x0078	0x3608      	RLCF        R8, 1, 0
;__Lib_Math.c,163 :: 		
0x007A	0x3609      	RLCF        R9, 1, 0
;__Lib_Math.c,164 :: 		
0x007C	0x5004      	MOVF        R4, 0, 0
;__Lib_Math.c,166 :: 		
0x007E	0xA000      	BTFSS       R0, 0, 0
;__Lib_Math.c,167 :: 		
0x0080	0xD006      	BRA         $+14
;__Lib_Math.c,168 :: 		
0x0082	0x5E08      	SUBWF       R8, 1, 0
;__Lib_Math.c,169 :: 		
0x0084	0x5005      	MOVF        R5, 0, 0
;__Lib_Math.c,170 :: 		
0x0086	0xA0D8      	BTFSS       STATUS, 0, 0
;__Lib_Math.c,171 :: 		
0x0088	0x3C05      	INCFSZ      R5, 0, 0
;__Lib_Math.c,172 :: 		
0x008A	0x5E09      	SUBWF       R9, 1, 0
;__Lib_Math.c,173 :: 		
0x008C	0xD005      	BRA         $+12
;__Lib_Math.c,175 :: 		
0x008E	0x2608      	ADDWF       R8, 1, 0
;__Lib_Math.c,176 :: 		
0x0090	0x5005      	MOVF        R5, 0, 0
;__Lib_Math.c,177 :: 		
0x0092	0xB0D8      	BTFSC       STATUS, 0, 0
;__Lib_Math.c,178 :: 		
0x0094	0x3C05      	INCFSZ      R5, 0, 0
;__Lib_Math.c,179 :: 		
0x0096	0x2609      	ADDWF       R9, 1, 0
;__Lib_Math.c,181 :: 		
0x0098	0x3600      	RLCF        R0, 1, 0
;__Lib_Math.c,182 :: 		
0x009A	0x3601      	RLCF        R1, 1, 0
;__Lib_Math.c,184 :: 		
0x009C	0x2E0C      	DECFSZ      R12, 1, 0
;__Lib_Math.c,185 :: 		
0x009E	0xD7EB      	BRA         $-40
;__Lib_Math.c,187 :: 		
0x00A0	0xB000      	BTFSC       R0, 0, 0
;__Lib_Math.c,188 :: 		
0x00A2	0xD006      	BRA         $+14
;__Lib_Math.c,189 :: 		
0x00A4	0x5004      	MOVF        R4, 0, 0
;__Lib_Math.c,190 :: 		
0x00A6	0x2608      	ADDWF       R8, 1, 0
;__Lib_Math.c,191 :: 		
0x00A8	0x5005      	MOVF        R5, 0, 0
;__Lib_Math.c,192 :: 		
0x00AA	0xB0D8      	BTFSC       STATUS, 0, 0
;__Lib_Math.c,193 :: 		
0x00AC	0x3C05      	INCFSZ      R5, 0, 0
;__Lib_Math.c,194 :: 		
0x00AE	0x2609      	ADDWF       R9, 1, 0
;__Lib_Math.c,195 :: 		
0x00B0	0x0000      	NOP
;__Lib_Math.c,197 :: 		
L_end_Div_16x16_S_L:
0x00B2	0x0012      	RETURN      0
; end of _Div_16x16_S_L
_FIXSIGN32:
;__Lib_MathDouble.c,117 :: 		
;__Lib_MathDouble.c,121 :: 		
0x00B4	0xAE0A      	BTFSS       R10, 7, 0
;__Lib_MathDouble.c,122 :: 		
0x00B6	0x9E02      	BCF         R2, 7, 0
;__Lib_MathDouble.c,123 :: 		
0x00B8	0x0E00      	MOVLW       0
;__Lib_MathDouble.c,125 :: 		
L_end_FIXSIGN32:
0x00BA	0x0012      	RETURN      0
; end of _FIXSIGN32
_Lcd_Cmd:
;__Lib_Lcd.c,18 :: 		
;__Lib_Lcd.c,20 :: 		
0x00BC	0xBE37      	BTFSC       FARG_Lcd_Cmd_out_char, 7 
0x00BE	0xD002      	BRA         L__Lcd_Cmd21
0x00C0	0x9E83      	BCF         LCD_D7, BitPos(LCD_D7+0) 
0x00C2	0xD001      	BRA         L__Lcd_Cmd22
L__Lcd_Cmd21:
0x00C4	0x8E83      	BSF         LCD_D7, BitPos(LCD_D7+0) 
L__Lcd_Cmd22:
;__Lib_Lcd.c,21 :: 		
0x00C6	0xBC37      	BTFSC       FARG_Lcd_Cmd_out_char, 6 
0x00C8	0xD002      	BRA         L__Lcd_Cmd23
0x00CA	0x9C83      	BCF         LCD_D6, BitPos(LCD_D6+0) 
0x00CC	0xD001      	BRA         L__Lcd_Cmd24
L__Lcd_Cmd23:
0x00CE	0x8C83      	BSF         LCD_D6, BitPos(LCD_D6+0) 
L__Lcd_Cmd24:
;__Lib_Lcd.c,22 :: 		
0x00D0	0xBA37      	BTFSC       FARG_Lcd_Cmd_out_char, 5 
0x00D2	0xD002      	BRA         L__Lcd_Cmd25
0x00D4	0x9A83      	BCF         LCD_D5, BitPos(LCD_D5+0) 
0x00D6	0xD001      	BRA         L__Lcd_Cmd26
L__Lcd_Cmd25:
0x00D8	0x8A83      	BSF         LCD_D5, BitPos(LCD_D5+0) 
L__Lcd_Cmd26:
;__Lib_Lcd.c,23 :: 		
0x00DA	0xB837      	BTFSC       FARG_Lcd_Cmd_out_char, 4 
0x00DC	0xD002      	BRA         L__Lcd_Cmd27
0x00DE	0x9883      	BCF         LCD_D4, BitPos(LCD_D4+0) 
0x00E0	0xD001      	BRA         L__Lcd_Cmd28
L__Lcd_Cmd27:
0x00E2	0x8883      	BSF         LCD_D4, BitPos(LCD_D4+0) 
L__Lcd_Cmd28:
;__Lib_Lcd.c,25 :: 		
0x00E4	0xB030      	BTFSC       __Lib_Lcd_cmd_status, BitPos(__Lib_Lcd_cmd_status+0) 
0x00E6	0xD002      	BRA         L__Lcd_Cmd29
0x00E8	0x8483      	BSF         LCD_RS, BitPos(LCD_RS+0) 
0x00EA	0xD001      	BRA         L__Lcd_Cmd30
L__Lcd_Cmd29:
0x00EC	0x9483      	BCF         LCD_RS, BitPos(LCD_RS+0) 
L__Lcd_Cmd30:
;__Lib_Lcd.c,28 :: 		
0x00EE	0x8683      	BSF         LCD_EN, BitPos(LCD_EN+0) 
;__Lib_Lcd.c,29 :: 		
0x00F0	0xDF95      	RCALL       _Delay_1us
;__Lib_Lcd.c,30 :: 		
0x00F2	0x9683      	BCF         LCD_EN, BitPos(LCD_EN+0) 
;__Lib_Lcd.c,33 :: 		
0x00F4	0xB637      	BTFSC       FARG_Lcd_Cmd_out_char, 3 
0x00F6	0xD002      	BRA         L__Lcd_Cmd31
0x00F8	0x9E83      	BCF         LCD_D7, BitPos(LCD_D7+0) 
0x00FA	0xD001      	BRA         L__Lcd_Cmd32
L__Lcd_Cmd31:
0x00FC	0x8E83      	BSF         LCD_D7, BitPos(LCD_D7+0) 
L__Lcd_Cmd32:
;__Lib_Lcd.c,34 :: 		
0x00FE	0xB437      	BTFSC       FARG_Lcd_Cmd_out_char, 2 
0x0100	0xD002      	BRA         L__Lcd_Cmd33
0x0102	0x9C83      	BCF         LCD_D6, BitPos(LCD_D6+0) 
0x0104	0xD001      	BRA         L__Lcd_Cmd34
L__Lcd_Cmd33:
0x0106	0x8C83      	BSF         LCD_D6, BitPos(LCD_D6+0) 
L__Lcd_Cmd34:
;__Lib_Lcd.c,35 :: 		
0x0108	0xB237      	BTFSC       FARG_Lcd_Cmd_out_char, 1 
0x010A	0xD002      	BRA         L__Lcd_Cmd35
0x010C	0x9A83      	BCF         LCD_D5, BitPos(LCD_D5+0) 
0x010E	0xD001      	BRA         L__Lcd_Cmd36
L__Lcd_Cmd35:
0x0110	0x8A83      	BSF         LCD_D5, BitPos(LCD_D5+0) 
L__Lcd_Cmd36:
;__Lib_Lcd.c,36 :: 		
0x0112	0xB037      	BTFSC       FARG_Lcd_Cmd_out_char, 0 
0x0114	0xD002      	BRA         L__Lcd_Cmd37
0x0116	0x9883      	BCF         LCD_D4, BitPos(LCD_D4+0) 
0x0118	0xD001      	BRA         L__Lcd_Cmd38
L__Lcd_Cmd37:
0x011A	0x8883      	BSF         LCD_D4, BitPos(LCD_D4+0) 
L__Lcd_Cmd38:
;__Lib_Lcd.c,38 :: 		
0x011C	0xB030      	BTFSC       __Lib_Lcd_cmd_status, BitPos(__Lib_Lcd_cmd_status+0) 
0x011E	0xD002      	BRA         L__Lcd_Cmd39
0x0120	0x8483      	BSF         LCD_RS, BitPos(LCD_RS+0) 
0x0122	0xD001      	BRA         L__Lcd_Cmd40
L__Lcd_Cmd39:
0x0124	0x9483      	BCF         LCD_RS, BitPos(LCD_RS+0) 
L__Lcd_Cmd40:
;__Lib_Lcd.c,40 :: 		
0x0126	0x8683      	BSF         LCD_EN, BitPos(LCD_EN+0) 
;__Lib_Lcd.c,41 :: 		
0x0128	0xDF79      	RCALL       _Delay_1us
;__Lib_Lcd.c,42 :: 		
0x012A	0x9683      	BCF         LCD_EN, BitPos(LCD_EN+0) 
;__Lib_Lcd.c,44 :: 		
0x012C	0xA030      	BTFSS       __Lib_Lcd_cmd_status, BitPos(__Lib_Lcd_cmd_status+0) 
0x012E	0xD002      	BRA         L_Lcd_Cmd0
;__Lib_Lcd.c,45 :: 		
0x0130	0xDF7C      	RCALL       _Delay_5500us
0x0132	0xD001      	BRA         L_Lcd_Cmd1
L_Lcd_Cmd0:
;__Lib_Lcd.c,47 :: 		
0x0134	0xDF85      	RCALL       _Delay_50us
L_Lcd_Cmd1:
;__Lib_Lcd.c,48 :: 		
L_end_Lcd_Cmd:
0x0136	0x0012      	RETURN      0
; end of _Lcd_Cmd
_SETFUN32:
;__Lib_MathDouble.c,144 :: 		
;__Lib_MathDouble.c,152 :: 		
0x0138	0x840B      	BSF         R11, 2, 0
;__Lib_MathDouble.c,153 :: 		
0x013A	0xAE0B      	BTFSS       R11, 7, 0
;__Lib_MathDouble.c,154 :: 		
0x013C	0xF000EFA7  	GOTO        SETFUN32EEE
;__Lib_MathDouble.c,156 :: 		
0x0140	0x0E01      	MOVLW       1
;__Lib_MathDouble.c,157 :: 		
0x0142	0x6E03      	MOVWF       R3, 0
;__Lib_MathDouble.c,158 :: 		
0x0144	0x6A02      	CLRF        R2, 0
;__Lib_MathDouble.c,159 :: 		
0x0146	0x6A01      	CLRF        R1, 0
;__Lib_MathDouble.c,160 :: 		
0x0148	0x6A00      	CLRF        R0, 0
;__Lib_MathDouble.c,161 :: 		
0x014A	0x360A      	RLCF        R10, 1, 0
;__Lib_MathDouble.c,162 :: 		
0x014C	0x3202      	RRCF        R2, 1, 0
;__Lib_MathDouble.c,163 :: 		
SETFUN32EEE:
;__Lib_MathDouble.c,164 :: 		
0x014E	0x0EFF      	MOVLW       255
;__Lib_MathDouble.c,166 :: 		
L_end_SETFUN32:
0x0150	0x0012      	RETURN      0
; end of _SETFUN32
_SETIOV3224:
;__Lib_MathDouble.c,530 :: 		
;__Lib_MathDouble.c,537 :: 		
0x0152	0x800B      	BSF         R11, 0, 0
;__Lib_MathDouble.c,538 :: 		
0x0154	0xAE0B      	BTFSS       R11, 7, 0
;__Lib_MathDouble.c,539 :: 		
0x0156	0xF000EFB5  	GOTO        SETIOV3224EEE
;__Lib_MathDouble.c,541 :: 		
0x015A	0x6A02      	CLRF        R2, 0
;__Lib_MathDouble.c,542 :: 		
0x015C	0xAE0A      	BTFSS       R10, 7, 0
;__Lib_MathDouble.c,543 :: 		
0x015E	0x0EFF      	MOVLW       255
;__Lib_MathDouble.c,544 :: 		
0x0160	0x6E02      	MOVWF       R2, 0
;__Lib_MathDouble.c,545 :: 		
0x0162	0x6E01      	MOVWF       R1, 0
;__Lib_MathDouble.c,546 :: 		
0x0164	0x6E00      	MOVWF       R0, 0
;__Lib_MathDouble.c,547 :: 		
0x0166	0x360A      	RLCF        R10, 1, 0
;__Lib_MathDouble.c,548 :: 		
0x0168	0x3202      	RRCF        R2, 1, 0
;__Lib_MathDouble.c,549 :: 		
SETIOV3224EEE:
;__Lib_MathDouble.c,550 :: 		
0x016A	0x0EFF      	MOVLW       255
;__Lib_MathDouble.c,552 :: 		
L_end_SETIOV3224:
0x016C	0x0012      	RETURN      0
; end of _SETIOV3224
_SETFOV32:
;__Lib_MathDouble.c,82 :: 		
;__Lib_MathDouble.c,90 :: 		
0x016E	0x820B      	BSF         R11, 1, 0
;__Lib_MathDouble.c,91 :: 		
0x0170	0xAE0B      	BTFSS       R11, 7, 0
;__Lib_MathDouble.c,92 :: 		
0x0172	0xF000EFC1  	GOTO        SETFOV32EEE
;__Lib_MathDouble.c,94 :: 		
0x0176	0x6803      	SETF        R3, 0
;__Lib_MathDouble.c,95 :: 		
0x0178	0x6802      	SETF        R2, 0
;__Lib_MathDouble.c,96 :: 		
0x017A	0x6801      	SETF        R1, 0
;__Lib_MathDouble.c,97 :: 		
0x017C	0x6800      	SETF        R0, 0
;__Lib_MathDouble.c,98 :: 		
0x017E	0x360A      	RLCF        R10, 1, 0
;__Lib_MathDouble.c,99 :: 		
0x0180	0x3202      	RRCF        R2, 1, 0
;__Lib_MathDouble.c,100 :: 		
SETFOV32EEE:
;__Lib_MathDouble.c,101 :: 		
0x0182	0x0EFF      	MOVLW       255
;__Lib_MathDouble.c,103 :: 		
L_end_SETFOV32:
0x0184	0x0012      	RETURN      0
; end of _SETFOV32
_Lcd_Chr_CP:
;__Lib_Lcd.c,50 :: 		
;__Lib_Lcd.c,52 :: 		
0x0186	0x9030      	BCF         __Lib_Lcd_cmd_status, BitPos(__Lib_Lcd_cmd_status+0) 
;__Lib_Lcd.c,53 :: 		
0x0188	0xF037C036  	MOVFF       FARG_Lcd_Chr_CP_out_char, FARG_Lcd_Cmd_out_char
0x018C	0xDF97      	RCALL       _Lcd_Cmd
;__Lib_Lcd.c,54 :: 		
0x018E	0x8030      	BSF         __Lib_Lcd_cmd_status, BitPos(__Lib_Lcd_cmd_status+0) 
;__Lib_Lcd.c,55 :: 		
L_end_Lcd_Chr_CP:
0x0190	0x0012      	RETURN      0
; end of _Lcd_Chr_CP
_Div_16x16_S:
;__Lib_Math.c,200 :: 		
;__Lib_Math.c,208 :: 		
0x0192	0x5004      	MOVF        R4, 0 
0x0194	0x0A00      	XORLW       0
0x0196	0xE108      	BNZ         L_Div_16x16_S0
;__Lib_Math.c,209 :: 		
0x0198	0x5005      	MOVF        R5, 0 
0x019A	0x0A00      	XORLW       0
0x019C	0xE105      	BNZ         L_Div_16x16_S1
;__Lib_Math.c,210 :: 		
0x019E	0x0EFF      	MOVLW       255
0x01A0	0x6E00      	MOVWF       R0 
;__Lib_Math.c,211 :: 		
0x01A2	0x0E7F      	MOVLW       127
0x01A4	0x6E01      	MOVWF       R1 
;__Lib_Math.c,212 :: 		
0x01A6	0xD057      	BRA         L_end_Div_16x16_S
;__Lib_Math.c,213 :: 		
L_Div_16x16_S1:
L_Div_16x16_S0:
;__Lib_Math.c,216 :: 		
0x01A8	0x6A0D      	CLRF        R13, 0
;__Lib_Math.c,217 :: 		
0x01AA	0x6A09      	CLRF        R9, 0
;__Lib_Math.c,218 :: 		
0x01AC	0x6A08      	CLRF        R8, 0
;__Lib_Math.c,219 :: 		
0x01AE	0x5001      	MOVF        R1, 0, 0
;__Lib_Math.c,220 :: 		
0x01B0	0x1000      	IORWF       R0, 0, 0
;__Lib_Math.c,221 :: 		
0x01B2	0xB4D8      	BTFSC       STATUS, 2, 0
;__Lib_Math.c,222 :: 		
0x01B4	0x0C00      	RETLW       0
;__Lib_Math.c,224 :: 		
0x01B6	0x5001      	MOVF        R1, 0, 0
;__Lib_Math.c,225 :: 		
0x01B8	0x1805      	XORWF       R5, 0, 0
;__Lib_Math.c,226 :: 		
0x01BA	0x6E0A      	MOVWF       R10, 0
;__Lib_Math.c,227 :: 		
0x01BC	0xBE0A      	BTFSC       R10, 7, 0
;__Lib_Math.c,228 :: 		
0x01BE	0x1E0D      	COMF        R13, 1, 0
;__Lib_Math.c,230 :: 		
0x01C0	0x6A0B      	CLRF        R11, 0
;__Lib_Math.c,232 :: 		
0x01C2	0xAE05      	BTFSS       R5, 7, 0
;__Lib_Math.c,233 :: 		
0x01C4	0xD005      	BRA         $+12
;__Lib_Math.c,235 :: 		
0x01C6	0x1E04      	COMF        R4, 1, 0
;__Lib_Math.c,236 :: 		
0x01C8	0x1E05      	COMF        R5, 1, 0
;__Lib_Math.c,237 :: 		
0x01CA	0x2A04      	INCF        R4, 1, 0
;__Lib_Math.c,238 :: 		
0x01CC	0xB4D8      	BTFSC       STATUS, 2, 0
;__Lib_Math.c,239 :: 		
0x01CE	0x2A05      	INCF        R5, 1, 0
;__Lib_Math.c,241 :: 		
0x01D0	0xAE01      	BTFSS       R1, 7, 0
;__Lib_Math.c,242 :: 		
0x01D2	0xD005      	BRA         $+12
;__Lib_Math.c,244 :: 		
0x01D4	0x1E00      	COMF        R0, 1, 0
;__Lib_Math.c,245 :: 		
0x01D6	0x1E01      	COMF        R1, 1, 0
;__Lib_Math.c,246 :: 		
0x01D8	0x2A00      	INCF        R0, 1, 0
;__Lib_Math.c,247 :: 		
0x01DA	0xB4D8      	BTFSC       STATUS, 2, 0
;__Lib_Math.c,248 :: 		
0x01DC	0x2A01      	INCF        R1, 1, 0
;__Lib_Math.c,250 :: 		
0x01DE	0x5001      	MOVF        R1, 0, 0
;__Lib_Math.c,251 :: 		
0x01E0	0x1005      	IORWF       R5, 0, 0
;__Lib_Math.c,252 :: 		
0x01E2	0x6E0A      	MOVWF       R10, 0
;__Lib_Math.c,253 :: 		
0x01E4	0xBE0A      	BTFSC       R10, 7, 0
;__Lib_Math.c,254 :: 		
0x01E6	0xD010      	BRA         $+34
;__Lib_Math.c,256 :: 		
0x01E8	0xDF39      	RCALL       _Div_16x16_S_L
;__Lib_Math.c,258 :: 		
0x01EA	0xB00B      	BTFSC       R11, 0, 0
;__Lib_Math.c,259 :: 		
0x01EC	0xD020      	BRA         $+66
;__Lib_Math.c,261 :: 		
0x01EE	0xAE0D      	BTFSS       R13, 7, 0
;__Lib_Math.c,262 :: 		
0x01F0	0x0C00      	RETLW       0
;__Lib_Math.c,264 :: 		
0x01F2	0x1E00      	COMF        R0, 1, 0
;__Lib_Math.c,265 :: 		
0x01F4	0x1E01      	COMF        R1, 1, 0
;__Lib_Math.c,266 :: 		
0x01F6	0x2A00      	INCF        R0, 1, 0
;__Lib_Math.c,267 :: 		
0x01F8	0xB4D8      	BTFSC       STATUS, 2, 0
;__Lib_Math.c,268 :: 		
0x01FA	0x2A01      	INCF        R1, 1, 0
;__Lib_Math.c,270 :: 		
0x01FC	0x1E08      	COMF        R8, 1, 0
;__Lib_Math.c,271 :: 		
0x01FE	0x1E09      	COMF        R9, 1, 0
;__Lib_Math.c,272 :: 		
0x0200	0x2A08      	INCF        R8, 1, 0
;__Lib_Math.c,273 :: 		
0x0202	0xB4D8      	BTFSC       STATUS, 2, 0
;__Lib_Math.c,274 :: 		
0x0204	0x2A09      	INCF        R9, 1, 0
;__Lib_Math.c,276 :: 		
0x0206	0x0C00      	RETLW       0
;__Lib_Math.c,278 :: 		
0x0208	0xAE05      	BTFSS       R5, 7, 0
;__Lib_Math.c,279 :: 		
0x020A	0xD00D      	BRA         $+28
;__Lib_Math.c,280 :: 		
0x020C	0xBE01      	BTFSC       R1, 7, 0
;__Lib_Math.c,281 :: 		
0x020E	0xD007      	BRA         $+16
;__Lib_Math.c,282 :: 		
0x0210	0x5001      	MOVF        R1, 0, 0
;__Lib_Math.c,283 :: 		
0x0212	0x6E09      	MOVWF       R9, 0
;__Lib_Math.c,284 :: 		
0x0214	0x5000      	MOVF        R0, 0, 0
;__Lib_Math.c,285 :: 		
0x0216	0x6E08      	MOVWF       R8, 0
;__Lib_Math.c,286 :: 		
0x0218	0x6A01      	CLRF        R1, 0
;__Lib_Math.c,287 :: 		
0x021A	0x6A00      	CLRF        R0, 0
;__Lib_Math.c,288 :: 		
0x021C	0xD7E8      	BRA         $-46
;__Lib_Math.c,289 :: 		
0x021E	0x6A01      	CLRF        R1, 0
;__Lib_Math.c,290 :: 		
0x0220	0x6A00      	CLRF        R0, 0
;__Lib_Math.c,291 :: 		
0x0222	0x2A00      	INCF        R0, 1, 0
;__Lib_Math.c,292 :: 		
0x0224	0x0C00      	RETLW       0
;__Lib_Math.c,294 :: 		
0x0226	0x1E01      	COMF        R1, 1, 0
;__Lib_Math.c,295 :: 		
0x0228	0x1E00      	COMF        R0, 1, 0
;__Lib_Math.c,296 :: 		
0x022A	0x2A0B      	INCF        R11, 1, 0
;__Lib_Math.c,297 :: 		
0x022C	0xD7DD      	BRA         $-68
;__Lib_Math.c,299 :: 		
0x022E	0x2A08      	INCF        R8, 1, 0
;__Lib_Math.c,300 :: 		
0x0230	0xB4D8      	BTFSC       STATUS, 2, 0
;__Lib_Math.c,301 :: 		
0x0232	0x2A09      	INCF        R9, 1, 0
;__Lib_Math.c,302 :: 		
0x0234	0x5004      	MOVF        R4, 0, 0
;__Lib_Math.c,303 :: 		
0x0236	0x5C08      	SUBWF       R8, 0, 0
;__Lib_Math.c,304 :: 		
0x0238	0xA4D8      	BTFSS       STATUS, 2, 0
;__Lib_Math.c,305 :: 		
0x023A	0xD7D9      	BRA         $-76
;__Lib_Math.c,306 :: 		
0x023C	0x5005      	MOVF        R5, 0, 0
;__Lib_Math.c,307 :: 		
0x023E	0x5C09      	SUBWF       R9, 0, 0
;__Lib_Math.c,308 :: 		
0x0240	0xA4D8      	BTFSS       STATUS, 2, 0
;__Lib_Math.c,309 :: 		
0x0242	0xD7D5      	BRA         $-84
;__Lib_Math.c,310 :: 		
0x0244	0x6A09      	CLRF        R9, 0
;__Lib_Math.c,311 :: 		
0x0246	0x6A08      	CLRF        R8, 0
;__Lib_Math.c,312 :: 		
0x0248	0x2A00      	INCF        R0, 1, 0
;__Lib_Math.c,313 :: 		
0x024A	0xB4D8      	BTFSC       STATUS, 2, 0
;__Lib_Math.c,314 :: 		
0x024C	0x2A01      	INCF        R1, 1, 0
;__Lib_Math.c,315 :: 		
0x024E	0xAE01      	BTFSS       R1, 7, 0
;__Lib_Math.c,316 :: 		
0x0250	0xD7CE      	BRA         $-98
;__Lib_Math.c,317 :: 		
0x0252	0x0000      	NOP
;__Lib_Math.c,318 :: 		
0x0254	0x0CFF      	RETLW       255
;__Lib_Math.c,320 :: 		
L_end_Div_16x16_S:
0x0256	0x0012      	RETURN      0
; end of _Div_16x16_S
_NRM3232:
;__Lib_MathDouble.c,455 :: 		
;__Lib_MathDouble.c,463 :: 		
0x0258	0x6A0C      	CLRF        R12, 0
;__Lib_MathDouble.c,464 :: 		
0x025A	0x6A0E      	CLRF        R14, 0
;__Lib_MathDouble.c,465 :: 		
0x025C	0x5002      	MOVF        R2, 0, 0
;__Lib_MathDouble.c,466 :: 		
0x025E	0xA4D8      	BTFSS       STATUS, 2, 0
;__Lib_MathDouble.c,467 :: 		
0x0260	0xF001EF45  	GOTO        NORM3232
;__Lib_MathDouble.c,468 :: 		
0x0264	0xF002C001  	MOVFF       R1, R2
;__Lib_MathDouble.c,469 :: 		
0x0268	0xF001C000  	MOVFF       R0, R1
;__Lib_MathDouble.c,470 :: 		
0x026C	0x6A00      	CLRF        R0, 0
;__Lib_MathDouble.c,471 :: 		
0x026E	0x860E      	BSF         R14, 3, 0
;__Lib_MathDouble.c,473 :: 		
0x0270	0x5002      	MOVF        R2, 0, 0
;__Lib_MathDouble.c,474 :: 		
0x0272	0xA4D8      	BTFSS       STATUS, 2, 0
;__Lib_MathDouble.c,475 :: 		
0x0274	0xF001EF45  	GOTO        NORM3232
;__Lib_MathDouble.c,476 :: 		
0x0278	0xF002C001  	MOVFF       R1, R2
;__Lib_MathDouble.c,477 :: 		
0x027C	0x6A01      	CLRF        R1, 0
;__Lib_MathDouble.c,478 :: 		
0x027E	0x960E      	BCF         R14, 3, 0
;__Lib_MathDouble.c,479 :: 		
0x0280	0x880E      	BSF         R14, 4, 0
;__Lib_MathDouble.c,481 :: 		
0x0282	0x5002      	MOVF        R2, 0, 0
;__Lib_MathDouble.c,482 :: 		
0x0284	0xB4D8      	BTFSC       STATUS, 2, 0
;__Lib_MathDouble.c,483 :: 		
0x0286	0xF001EF57  	GOTO        JPNRES032
;__Lib_MathDouble.c,484 :: 		
NORM3232:
;__Lib_MathDouble.c,485 :: 		
0x028A	0x500E      	MOVF        R14, 0, 0
;__Lib_MathDouble.c,486 :: 		
0x028C	0x5E03      	SUBWF       R3, 1, 0
;__Lib_MathDouble.c,487 :: 		
0x028E	0xA4D8      	BTFSS       STATUS, 2, 0
;__Lib_MathDouble.c,488 :: 		
0x0290	0xA0D8      	BTFSS       STATUS, 0, 0
;__Lib_MathDouble.c,489 :: 		
0x0292	0xF001EF5C  	GOTO        JPNSETFUN32
;__Lib_MathDouble.c,490 :: 		
0x0296	0x90D8      	BCF         STATUS, 0, 0
;__Lib_MathDouble.c,491 :: 		
NORM3232A:
;__Lib_MathDouble.c,492 :: 		
0x0298	0xBE02      	BTFSC       R2, 7, 0
;__Lib_MathDouble.c,493 :: 		
0x029A	0xF001EF61  	GOTO        JMPNFIXSIGN32
;__Lib_MathDouble.c,494 :: 		
0x029E	0x3600      	RLCF        R0, 1, 0
;__Lib_MathDouble.c,495 :: 		
0x02A0	0x3601      	RLCF        R1, 1, 0
;__Lib_MathDouble.c,496 :: 		
0x02A2	0x3602      	RLCF        R2, 1, 0
;__Lib_MathDouble.c,497 :: 		
0x02A4	0x2E03      	DECFSZ      R3, 1, 0
;__Lib_MathDouble.c,498 :: 		
0x02A6	0xF001EF4C  	GOTO        NORM3232A
;__Lib_MathDouble.c,499 :: 		
0x02AA	0xF001EF5C  	GOTO        JPNSETFUN32
;__Lib_MathDouble.c,500 :: 		
JPNRES032:
;__Lib_MathDouble.c,501 :: 		
0x02AE	0x0E01      	MOVLW       1
;__Lib_MathDouble.c,502 :: 		
0x02B0	0x6E0C      	MOVWF       R12, 0
;__Lib_MathDouble.c,504 :: 		
0x02B2	0xDECD      	RCALL       _RES032
;__Lib_MathDouble.c,506 :: 		
0x02B4	0xF001EF64  	GOTO        NORM32EEE
;__Lib_MathDouble.c,507 :: 		
JPNSETFUN32:
;__Lib_MathDouble.c,508 :: 		
0x02B8	0x0E02      	MOVLW       2
;__Lib_MathDouble.c,509 :: 		
0x02BA	0x6E0C      	MOVWF       R12, 0
;__Lib_MathDouble.c,511 :: 		
0x02BC	0xDF3D      	RCALL       _SETFUN32
;__Lib_MathDouble.c,513 :: 		
0x02BE	0xF001EF64  	GOTO        NORM32EEE
;__Lib_MathDouble.c,514 :: 		
JMPNFIXSIGN32:
;__Lib_MathDouble.c,515 :: 		
0x02C2	0x0E04      	MOVLW       4
;__Lib_MathDouble.c,516 :: 		
0x02C4	0x6E0C      	MOVWF       R12, 0
;__Lib_MathDouble.c,518 :: 		
0x02C6	0xDEF6      	RCALL       _FIXSIGN32
;__Lib_MathDouble.c,520 :: 		
NORM32EEE:
;__Lib_MathDouble.c,527 :: 		
L_end_NRM3232:
0x02C8	0x0012      	RETURN      0
; end of _NRM3232
_Delay_22us:
;__Lib_Delays.c,15 :: 		void Delay_22us() {
;__Lib_Delays.c,16 :: 		Delay_us(22);
0x02CA	0x0E57      	MOVLW       87
0x02CC	0x6E0D      	MOVWF       R13, 0
L_Delay_22us2:
0x02CE	0x2E0D      	DECFSZ      R13, 1, 0
0x02D0	0xD7FE      	BRA         L_Delay_22us2
0x02D2	0x0000      	NOP
0x02D4	0x0000      	NOP
;__Lib_Delays.c,17 :: 		}
L_end_Delay_22us:
0x02D6	0x0012      	RETURN      0
; end of _Delay_22us
_Int2Double:
;__Lib_MathDouble.c,2285 :: 		
;__Lib_MathDouble.c,2294 :: 		
0x02D8	0xF008C000  	MOVFF       R0, R8
;__Lib_MathDouble.c,2295 :: 		
0x02DC	0x5001      	MOVF        R1, 0, 0
;__Lib_MathDouble.c,2296 :: 		
0x02DE	0x6E00      	MOVWF       R0, 0
;__Lib_MathDouble.c,2297 :: 		
0x02E0	0x6A01      	CLRF        R1, 0
;__Lib_MathDouble.c,2298 :: 		
0x02E2	0x6A02      	CLRF        R2, 0
;__Lib_MathDouble.c,2299 :: 		
0x02E4	0x6A03      	CLRF        R3, 0
;__Lib_MathDouble.c,2302 :: 		
0x02E6	0x6A0B      	CLRF        R11, 0
;__Lib_MathDouble.c,2303 :: 		
0x02E8	0x6A0C      	CLRF        R12, 0
;__Lib_MathDouble.c,2304 :: 		
0x02EA	0x6A01      	CLRF        R1, 0
;__Lib_MathDouble.c,2305 :: 		
0x02EC	0x6A02      	CLRF        R2, 0
;__Lib_MathDouble.c,2306 :: 		
0x02EE	0x6A03      	CLRF        R3, 0
;__Lib_MathDouble.c,2308 :: 		
0x02F0	0x0E96      	MOVLW       150
;__Lib_MathDouble.c,2309 :: 		
0x02F2	0x6E03      	MOVWF       R3, 0
;__Lib_MathDouble.c,2310 :: 		
0x02F4	0x6A0A      	CLRF        R10, 0
;__Lib_MathDouble.c,2311 :: 		
0x02F6	0xAE00      	BTFSS       R0, 7, 0
;__Lib_MathDouble.c,2312 :: 		
0x02F8	0xF001EF84  	GOTO        FLO1632EEE
;__Lib_MathDouble.c,2314 :: 		
0x02FC	0x1E08      	COMF        R8, 1, 0
;__Lib_MathDouble.c,2315 :: 		
0x02FE	0x1E00      	COMF        R0, 1, 0
;__Lib_MathDouble.c,2317 :: 		
0x0300	0x2A08      	INCF        R8, 1, 0
;__Lib_MathDouble.c,2318 :: 		
0x0302	0xB4D8      	BTFSC       STATUS, 2, 0
;__Lib_MathDouble.c,2319 :: 		
0x0304	0x2A00      	INCF        R0, 1, 0
;__Lib_MathDouble.c,2321 :: 		
0x0306	0x8E0A      	BSF         R10, 7, 0
;__Lib_MathDouble.c,2322 :: 		
FLO1632EEE:
;__Lib_MathDouble.c,2323 :: 		
0x0308	0xF001C000  	MOVFF       R0, R1
;__Lib_MathDouble.c,2324 :: 		
0x030C	0xF000C008  	MOVFF       R8, R0
;__Lib_MathDouble.c,2325 :: 		
0x0310	0x6A08      	CLRF        R8, 0
;__Lib_MathDouble.c,2326 :: 		
0x0312	0x6A02      	CLRF        R2, 0
;__Lib_MathDouble.c,2328 :: 		
0x0314	0xDFA1      	RCALL       _NRM3232
;__Lib_MathDouble.c,2329 :: 		
L_end_Int2Double:
0x0316	0x0012      	RETURN      0
; end of _Int2Double
___CC2DW:
;__Lib_System.c,21 :: 		
;__Lib_System.c,23 :: 		
_CC2DL_Loop1:
;__Lib_System.c,24 :: 		
0x0318	0x0009      	TBLRD*+
;__Lib_System.c,25 :: 		
0x031A	0xFFE6CFF5  	MOVFF       TABLAT, POSTINC1
;__Lib_System.c,26 :: 		
0x031E	0x0600      	DECF        R0, 1, 0
;__Lib_System.c,27 :: 		
0x0320	0xE1FB      	BNZ         _CC2DL_Loop1
;__Lib_System.c,28 :: 		
0x0322	0x0601      	DECF        R1, 1, 0
;__Lib_System.c,29 :: 		
0x0324	0xE1F9      	BNZ         _CC2DL_Loop1
;__Lib_System.c,31 :: 		
L_end___CC2DW:
0x0326	0x0012      	RETURN      0
; end of ___CC2DW
_Lcd_Init:
;__Lib_Lcd.c,84 :: 		
;__Lib_Lcd.c,86 :: 		
0x0328	0x9695      	BCF         LCD_EN_Direction, BitPos(LCD_EN_Direction+0) 
;__Lib_Lcd.c,87 :: 		
0x032A	0x9495      	BCF         LCD_RS_Direction, BitPos(LCD_RS_Direction+0) 
;__Lib_Lcd.c,88 :: 		
0x032C	0x9895      	BCF         LCD_D4_Direction, BitPos(LCD_D4_Direction+0) 
;__Lib_Lcd.c,89 :: 		
0x032E	0x9A95      	BCF         LCD_D5_Direction, BitPos(LCD_D5_Direction+0) 
;__Lib_Lcd.c,90 :: 		
0x0330	0x9C95      	BCF         LCD_D6_Direction, BitPos(LCD_D6_Direction+0) 
;__Lib_Lcd.c,91 :: 		
0x0332	0x9E95      	BCF         LCD_D7_Direction, BitPos(LCD_D7_Direction+0) 
;__Lib_Lcd.c,93 :: 		
0x0334	0x9683      	BCF         LCD_EN, BitPos(LCD_EN+0) 
;__Lib_Lcd.c,94 :: 		
0x0336	0x9483      	BCF         LCD_RS, BitPos(LCD_RS+0) 
;__Lib_Lcd.c,95 :: 		
0x0338	0x9E83      	BCF         LCD_D7, BitPos(LCD_D7+0) 
;__Lib_Lcd.c,96 :: 		
0x033A	0x9C83      	BCF         LCD_D6, BitPos(LCD_D6+0) 
;__Lib_Lcd.c,97 :: 		
0x033C	0x9A83      	BCF         LCD_D5, BitPos(LCD_D5+0) 
;__Lib_Lcd.c,98 :: 		
0x033E	0x9883      	BCF         LCD_D4, BitPos(LCD_D4+0) 
;__Lib_Lcd.c,100 :: 		
0x0340	0xDE74      	RCALL       _Delay_5500us
;__Lib_Lcd.c,101 :: 		
0x0342	0xDE73      	RCALL       _Delay_5500us
;__Lib_Lcd.c,102 :: 		
0x0344	0xDE72      	RCALL       _Delay_5500us
;__Lib_Lcd.c,105 :: 		
0x0346	0x8A83      	BSF         LCD_D5, BitPos(LCD_D5+0) 
;__Lib_Lcd.c,106 :: 		
0x0348	0x8883      	BSF         LCD_D4, BitPos(LCD_D4+0) 
;__Lib_Lcd.c,107 :: 		
0x034A	0x8683      	BSF         LCD_EN, BitPos(LCD_EN+0) 
;__Lib_Lcd.c,108 :: 		
0x034C	0xDE67      	RCALL       _Delay_1us
;__Lib_Lcd.c,109 :: 		
0x034E	0x9683      	BCF         LCD_EN, BitPos(LCD_EN+0) 
;__Lib_Lcd.c,110 :: 		
0x0350	0xDE6C      	RCALL       _Delay_5500us
;__Lib_Lcd.c,112 :: 		
0x0352	0x8683      	BSF         LCD_EN, BitPos(LCD_EN+0) 
;__Lib_Lcd.c,113 :: 		
0x0354	0xDE63      	RCALL       _Delay_1us
;__Lib_Lcd.c,114 :: 		
0x0356	0x9683      	BCF         LCD_EN, BitPos(LCD_EN+0) 
;__Lib_Lcd.c,115 :: 		
0x0358	0xDE68      	RCALL       _Delay_5500us
;__Lib_Lcd.c,117 :: 		
0x035A	0x8683      	BSF         LCD_EN, BitPos(LCD_EN+0) 
;__Lib_Lcd.c,118 :: 		
0x035C	0xDE5F      	RCALL       _Delay_1us
;__Lib_Lcd.c,119 :: 		
0x035E	0x9683      	BCF         LCD_EN, BitPos(LCD_EN+0) 
;__Lib_Lcd.c,120 :: 		
0x0360	0xDE64      	RCALL       _Delay_5500us
;__Lib_Lcd.c,123 :: 		
0x0362	0x9883      	BCF         LCD_D4, BitPos(LCD_D4+0) 
;__Lib_Lcd.c,124 :: 		
0x0364	0x8683      	BSF         LCD_EN, BitPos(LCD_EN+0) 
;__Lib_Lcd.c,125 :: 		
0x0366	0xDE5A      	RCALL       _Delay_1us
;__Lib_Lcd.c,126 :: 		
0x0368	0x9683      	BCF         LCD_EN, BitPos(LCD_EN+0) 
;__Lib_Lcd.c,127 :: 		
0x036A	0xDE5F      	RCALL       _Delay_5500us
;__Lib_Lcd.c,130 :: 		
0x036C	0x8683      	BSF         LCD_EN, BitPos(LCD_EN+0) 
;__Lib_Lcd.c,131 :: 		
0x036E	0xDE56      	RCALL       _Delay_1us
;__Lib_Lcd.c,132 :: 		
0x0370	0x9683      	BCF         LCD_EN, BitPos(LCD_EN+0) 
;__Lib_Lcd.c,134 :: 		
0x0372	0x9A83      	BCF         LCD_D5, BitPos(LCD_D5+0) 
;__Lib_Lcd.c,135 :: 		
0x0374	0x8E83      	BSF         LCD_D7, BitPos(LCD_D7+0) 
;__Lib_Lcd.c,136 :: 		
0x0376	0x8683      	BSF         LCD_EN, BitPos(LCD_EN+0) 
;__Lib_Lcd.c,137 :: 		
0x0378	0xDE51      	RCALL       _Delay_1us
;__Lib_Lcd.c,138 :: 		
0x037A	0x9683      	BCF         LCD_EN, BitPos(LCD_EN+0) 
;__Lib_Lcd.c,139 :: 		
0x037C	0xDE56      	RCALL       _Delay_5500us
;__Lib_Lcd.c,142 :: 		
0x037E	0x9E83      	BCF         LCD_D7, BitPos(LCD_D7+0) 
;__Lib_Lcd.c,143 :: 		
0x0380	0x8883      	BSF         LCD_D4, BitPos(LCD_D4+0) 
;__Lib_Lcd.c,144 :: 		
0x0382	0x8683      	BSF         LCD_EN, BitPos(LCD_EN+0) 
;__Lib_Lcd.c,145 :: 		
0x0384	0xDE4B      	RCALL       _Delay_1us
;__Lib_Lcd.c,146 :: 		
0x0386	0x9683      	BCF         LCD_EN, BitPos(LCD_EN+0) 
;__Lib_Lcd.c,148 :: 		
0x0388	0x9883      	BCF         LCD_D4, BitPos(LCD_D4+0) 
;__Lib_Lcd.c,149 :: 		
0x038A	0x8683      	BSF         LCD_EN, BitPos(LCD_EN+0) 
;__Lib_Lcd.c,150 :: 		
0x038C	0xDE47      	RCALL       _Delay_1us
;__Lib_Lcd.c,151 :: 		
0x038E	0x9683      	BCF         LCD_EN, BitPos(LCD_EN+0) 
;__Lib_Lcd.c,152 :: 		
0x0390	0xDE4C      	RCALL       _Delay_5500us
;__Lib_Lcd.c,155 :: 		
0x0392	0x8683      	BSF         LCD_EN, BitPos(LCD_EN+0) 
;__Lib_Lcd.c,156 :: 		
0x0394	0xDE43      	RCALL       _Delay_1us
;__Lib_Lcd.c,157 :: 		
0x0396	0x9683      	BCF         LCD_EN, BitPos(LCD_EN+0) 
;__Lib_Lcd.c,159 :: 		
0x0398	0x8883      	BSF         LCD_D4, BitPos(LCD_D4+0) 
;__Lib_Lcd.c,160 :: 		
0x039A	0x8683      	BSF         LCD_EN, BitPos(LCD_EN+0) 
;__Lib_Lcd.c,161 :: 		
0x039C	0xDE3F      	RCALL       _Delay_1us
;__Lib_Lcd.c,162 :: 		
0x039E	0x9683      	BCF         LCD_EN, BitPos(LCD_EN+0) 
;__Lib_Lcd.c,163 :: 		
0x03A0	0xDE44      	RCALL       _Delay_5500us
;__Lib_Lcd.c,166 :: 		
0x03A2	0x9883      	BCF         LCD_D4, BitPos(LCD_D4+0) 
;__Lib_Lcd.c,167 :: 		
0x03A4	0x8683      	BSF         LCD_EN, BitPos(LCD_EN+0) 
;__Lib_Lcd.c,168 :: 		
0x03A6	0xDE3A      	RCALL       _Delay_1us
;__Lib_Lcd.c,169 :: 		
0x03A8	0x9683      	BCF         LCD_EN, BitPos(LCD_EN+0) 
;__Lib_Lcd.c,171 :: 		
0x03AA	0x8E83      	BSF         LCD_D7, BitPos(LCD_D7+0) 
;__Lib_Lcd.c,172 :: 		
0x03AC	0x8C83      	BSF         LCD_D6, BitPos(LCD_D6+0) 
;__Lib_Lcd.c,173 :: 		
0x03AE	0x8A83      	BSF         LCD_D5, BitPos(LCD_D5+0) 
;__Lib_Lcd.c,174 :: 		
0x03B0	0x8883      	BSF         LCD_D4, BitPos(LCD_D4+0) 
;__Lib_Lcd.c,175 :: 		
0x03B2	0x8683      	BSF         LCD_EN, BitPos(LCD_EN+0) 
;__Lib_Lcd.c,176 :: 		
0x03B4	0xDE33      	RCALL       _Delay_1us
;__Lib_Lcd.c,177 :: 		
0x03B6	0x9683      	BCF         LCD_EN, BitPos(LCD_EN+0) 
;__Lib_Lcd.c,179 :: 		
0x03B8	0xDE38      	RCALL       _Delay_5500us
;__Lib_Lcd.c,181 :: 		
0x03BA	0x8030      	BSF         __Lib_Lcd_cmd_status, BitPos(__Lib_Lcd_cmd_status+0) 
;__Lib_Lcd.c,182 :: 		
L_end_Lcd_Init:
0x03BC	0x0012      	RETURN      0
; end of _Lcd_Init
_ADC_Read:
;__Lib_ADC_A_D.c,35 :: 		
;__Lib_ADC_A_D.c,38 :: 		
0x03BE	0x6AC2      	CLRF        ADCON0 
;__Lib_ADC_A_D.c,39 :: 		
0x03C0	0x0E07      	MOVLW       7
0x03C2	0x12C0      	IORWF       ADCON2, 1 
;__Lib_ADC_A_D.c,40 :: 		
0x03C4	0x8EC0      	BSF         ADCON2, 7 
;__Lib_ADC_A_D.c,41 :: 		
0x03C6	0xF000C031  	MOVFF       FARG_ADC_Read_channel, R0
0x03CA	0x3600      	RLCF        R0, 1 
0x03CC	0x9000      	BCF         R0, 0 
0x03CE	0x3600      	RLCF        R0, 1 
0x03D0	0x9000      	BCF         R0, 0 
0x03D2	0x5000      	MOVF        R0, 0 
0x03D4	0x12C2      	IORWF       ADCON0, 1 
;__Lib_ADC_A_D.c,42 :: 		
0x03D6	0x80C2      	BSF         ADCON0, 0 
;__Lib_ADC_A_D.c,43 :: 		
0x03D8	0xDF78      	RCALL       _Delay_22us
;__Lib_ADC_A_D.c,44 :: 		
0x03DA	0x82C2      	BSF         ADCON0, 1 
;__Lib_ADC_A_D.c,45 :: 		
L_ADC_Read2:
0x03DC	0xA2C2      	BTFSS       ADCON0, 1 
0x03DE	0xD001      	BRA         L_ADC_Read3
;__Lib_ADC_A_D.c,46 :: 		
0x03E0	0xD7FD      	BRA         L_ADC_Read2
L_ADC_Read3:
;__Lib_ADC_A_D.c,47 :: 		
0x03E2	0xF001CFC4  	MOVFF       ADRESH, R1
0x03E6	0x6A00      	CLRF        R0 
;__Lib_ADC_A_D.c,48 :: 		
0x03E8	0x50C3      	MOVF        ADRESL, 0 
0x03EA	0x1200      	IORWF       R0, 1 
0x03EC	0x0E00      	MOVLW       0
0x03EE	0x1201      	IORWF       R1, 1 
;__Lib_ADC_A_D.c,49 :: 		
0x03F0	0x90C2      	BCF         ADCON0, 0 
;__Lib_ADC_A_D.c,51 :: 		
;__Lib_ADC_A_D.c,52 :: 		
L_end_ADC_Read:
0x03F2	0x0012      	RETURN      0
; end of _ADC_Read
_Mul_32x32_FP:
;__Lib_MathDouble.c,1130 :: 		
;__Lib_MathDouble.c,1148 :: 		
0x03F4	0x6A08      	CLRF        R8, 0
;__Lib_MathDouble.c,1149 :: 		
0x03F6	0x6A09      	CLRF        R9, 0
;__Lib_MathDouble.c,1151 :: 		
0x03F8	0x0E00      	MOVLW       0
;__Lib_MathDouble.c,1152 :: 		
0x03FA	0x6207      	CPFSEQ      R7, 0
;__Lib_MathDouble.c,1153 :: 		
0x03FC	0x6403      	CPFSGT      R3, 0
;__Lib_MathDouble.c,1154 :: 		
0x03FE	0xF002EF7F  	GOTO        MULJPRES032
;__Lib_MathDouble.c,1157 :: 		
0x0402	0x5002      	MOVF        R2, 0, 0
;__Lib_MathDouble.c,1158 :: 		
0x0404	0x1806      	XORWF       R6, 0, 0
;__Lib_MathDouble.c,1159 :: 		
0x0406	0x6E0A      	MOVWF       R10, 0
;__Lib_MathDouble.c,1161 :: 		
0x0408	0x5007      	MOVF        R7, 0, 0
;__Lib_MathDouble.c,1162 :: 		
0x040A	0x2603      	ADDWF       R3, 1, 0
;__Lib_MathDouble.c,1163 :: 		
0x040C	0x0E7E      	MOVLW       126
;__Lib_MathDouble.c,1164 :: 		
0x040E	0xA0D8      	BTFSS       STATUS, 0, 0
;__Lib_MathDouble.c,1165 :: 		
0x0410	0xF002EF10  	GOTO        MTUN32
;__Lib_MathDouble.c,1167 :: 		
0x0414	0x5E03      	SUBWF       R3, 1, 0
;__Lib_MathDouble.c,1168 :: 		
0x0416	0xB0D8      	BTFSC       STATUS, 0, 0
;__Lib_MathDouble.c,1169 :: 		
0x0418	0xF002EF83  	GOTO        MULJPSETFOV32
;__Lib_MathDouble.c,1170 :: 		
0x041C	0xF002EF14  	GOTO        MOK32
;__Lib_MathDouble.c,1172 :: 		
MTUN32:
;__Lib_MathDouble.c,1173 :: 		
0x0420	0x5E03      	SUBWF       R3, 1, 0
;__Lib_MathDouble.c,1174 :: 		
0x0422	0xA0D8      	BTFSS       STATUS, 0, 0
;__Lib_MathDouble.c,1175 :: 		
0x0424	0xF002EF87  	GOTO        MULJPSETFUN32
;__Lib_MathDouble.c,1177 :: 		
MOK32:
;__Lib_MathDouble.c,1178 :: 		
0x0428	0x8E02      	BSF         R2, 7, 0
;__Lib_MathDouble.c,1179 :: 		
0x042A	0x8E06      	BSF         R6, 7, 0
;__Lib_MathDouble.c,1181 :: 		
0x042C	0xF00EC002  	MOVFF       R2, R14
;__Lib_MathDouble.c,1182 :: 		
0x0430	0xF00BC001  	MOVFF       R1, R11
;__Lib_MathDouble.c,1183 :: 		
0x0434	0xF00DC000  	MOVFF       R0, R13
;__Lib_MathDouble.c,1185 :: 		
0x0438	0x5000      	MOVF        R0, 0, 0
;__Lib_MathDouble.c,1186 :: 		
0x043A	0x0204      	MULWF       R4, 0
;__Lib_MathDouble.c,1187 :: 		
0x043C	0xF00CCFF4  	MOVFF       PRODH, R12
;__Lib_MathDouble.c,1189 :: 		
0x0440	0x5001      	MOVF        R1, 0, 0
;__Lib_MathDouble.c,1190 :: 		
0x0442	0x0205      	MULWF       R5, 0
;__Lib_MathDouble.c,1191 :: 		
0x0444	0xF000CFF4  	MOVFF       PRODH, R0
;__Lib_MathDouble.c,1192 :: 		
0x0448	0xF008CFF3  	MOVFF       PRODL, R8
;__Lib_MathDouble.c,1194 :: 		
0x044C	0x0204      	MULWF       R4, 0
;__Lib_MathDouble.c,1195 :: 		
0x044E	0x50F3      	MOVF        PRODL, 0, 0
;__Lib_MathDouble.c,1196 :: 		
0x0450	0x260C      	ADDWF       R12, 1, 0
;__Lib_MathDouble.c,1197 :: 		
0x0452	0x50F4      	MOVF        PRODH, 0, 0
;__Lib_MathDouble.c,1198 :: 		
0x0454	0x2208      	ADDWFC      R8, 1, 0
;__Lib_MathDouble.c,1199 :: 		
0x0456	0x0E00      	MOVLW       0
;__Lib_MathDouble.c,1200 :: 		
0x0458	0x2200      	ADDWFC      R0, 1, 0
;__Lib_MathDouble.c,1202 :: 		
0x045A	0x500D      	MOVF        R13, 0, 0
;__Lib_MathDouble.c,1203 :: 		
0x045C	0x0205      	MULWF       R5, 0
;__Lib_MathDouble.c,1204 :: 		
0x045E	0x50F3      	MOVF        PRODL, 0, 0
;__Lib_MathDouble.c,1205 :: 		
0x0460	0x260C      	ADDWF       R12, 1, 0
;__Lib_MathDouble.c,1206 :: 		
0x0462	0x50F4      	MOVF        PRODH, 0, 0
;__Lib_MathDouble.c,1207 :: 		
0x0464	0x2208      	ADDWFC      R8, 1, 0
;__Lib_MathDouble.c,1208 :: 		
0x0466	0x0E00      	MOVLW       0
;__Lib_MathDouble.c,1209 :: 		
0x0468	0x2200      	ADDWFC      R0, 1, 0
;__Lib_MathDouble.c,1211 :: 		
0x046A	0x5002      	MOVF        R2, 0, 0
;__Lib_MathDouble.c,1212 :: 		
0x046C	0x0204      	MULWF       R4, 0
;__Lib_MathDouble.c,1213 :: 		
0x046E	0x50F3      	MOVF        PRODL, 0, 0
;__Lib_MathDouble.c,1214 :: 		
0x0470	0x2608      	ADDWF       R8, 1, 0
;__Lib_MathDouble.c,1215 :: 		
0x0472	0x50F4      	MOVF        PRODH, 0, 0
;__Lib_MathDouble.c,1216 :: 		
0x0474	0x2200      	ADDWFC      R0, 1, 0
;__Lib_MathDouble.c,1217 :: 		
0x0476	0x5002      	MOVF        R2, 0, 0
;__Lib_MathDouble.c,1218 :: 		
0x0478	0x0205      	MULWF       R5, 0
;__Lib_MathDouble.c,1219 :: 		
0x047A	0x6A01      	CLRF        R1, 0
;__Lib_MathDouble.c,1220 :: 		
0x047C	0x0E00      	MOVLW       0
;__Lib_MathDouble.c,1221 :: 		
0x047E	0x2201      	ADDWFC      R1, 1, 0
;__Lib_MathDouble.c,1222 :: 		
0x0480	0x50F3      	MOVF        PRODL, 0, 0
;__Lib_MathDouble.c,1223 :: 		
0x0482	0x2600      	ADDWF       R0, 1, 0
;__Lib_MathDouble.c,1224 :: 		
0x0484	0x50F4      	MOVF        PRODH, 0, 0
;__Lib_MathDouble.c,1225 :: 		
0x0486	0x2201      	ADDWFC      R1, 1, 0
;__Lib_MathDouble.c,1227 :: 		
0x0488	0x500D      	MOVF        R13, 0, 0
;__Lib_MathDouble.c,1228 :: 		
0x048A	0x0206      	MULWF       R6, 0
;__Lib_MathDouble.c,1229 :: 		
0x048C	0x50F3      	MOVF        PRODL, 0, 0
;__Lib_MathDouble.c,1230 :: 		
0x048E	0x2608      	ADDWF       R8, 1, 0
;__Lib_MathDouble.c,1231 :: 		
0x0490	0x50F4      	MOVF        PRODH, 0, 0
;__Lib_MathDouble.c,1232 :: 		
0x0492	0x2200      	ADDWFC      R0, 1, 0
;__Lib_MathDouble.c,1233 :: 		
0x0494	0x6A02      	CLRF        R2, 0
;__Lib_MathDouble.c,1234 :: 		
0x0496	0x0E00      	MOVLW       0
;__Lib_MathDouble.c,1235 :: 		
0x0498	0x2201      	ADDWFC      R1, 1, 0
;__Lib_MathDouble.c,1236 :: 		
0x049A	0x2202      	ADDWFC      R2, 1, 0
;__Lib_MathDouble.c,1238 :: 		
0x049C	0x500B      	MOVF        R11, 0, 0
;__Lib_MathDouble.c,1239 :: 		
0x049E	0x0206      	MULWF       R6, 0
;__Lib_MathDouble.c,1240 :: 		
0x04A0	0x50F3      	MOVF        PRODL, 0, 0
;__Lib_MathDouble.c,1241 :: 		
0x04A2	0x2600      	ADDWF       R0, 1, 0
;__Lib_MathDouble.c,1242 :: 		
0x04A4	0x50F4      	MOVF        PRODH, 0, 0
;__Lib_MathDouble.c,1243 :: 		
0x04A6	0x2201      	ADDWFC      R1, 1, 0
;__Lib_MathDouble.c,1244 :: 		
0x04A8	0x0E00      	MOVLW       0
;__Lib_MathDouble.c,1245 :: 		
0x04AA	0x2202      	ADDWFC      R2, 1, 0
;__Lib_MathDouble.c,1247 :: 		
0x04AC	0x500E      	MOVF        R14, 0, 0
;__Lib_MathDouble.c,1248 :: 		
0x04AE	0x0206      	MULWF       R6, 0
;__Lib_MathDouble.c,1249 :: 		
0x04B0	0x50F3      	MOVF        PRODL, 0, 0
;__Lib_MathDouble.c,1250 :: 		
0x04B2	0x2601      	ADDWF       R1, 1, 0
;__Lib_MathDouble.c,1251 :: 		
0x04B4	0x50F4      	MOVF        PRODH, 0, 0
;__Lib_MathDouble.c,1252 :: 		
0x04B6	0x2202      	ADDWFC      R2, 1, 0
;__Lib_MathDouble.c,1254 :: 		
0x04B8	0xBE02      	BTFSC       R2, 7, 0
;__Lib_MathDouble.c,1255 :: 		
0x04BA	0xF002EF67  	GOTO        MROUND32
;__Lib_MathDouble.c,1256 :: 		
0x04BE	0x3608      	RLCF        R8, 1, 0
;__Lib_MathDouble.c,1257 :: 		
0x04C0	0x3600      	RLCF        R0, 1, 0
;__Lib_MathDouble.c,1258 :: 		
0x04C2	0x3601      	RLCF        R1, 1, 0
;__Lib_MathDouble.c,1259 :: 		
0x04C4	0x3602      	RLCF        R2, 1, 0
;__Lib_MathDouble.c,1260 :: 		
0x04C6	0x0603      	DECF        R3, 1, 0
;__Lib_MathDouble.c,1261 :: 		
0x04C8	0xB4D8      	BTFSC       STATUS, 2, 0
;__Lib_MathDouble.c,1262 :: 		
0x04CA	0xF002EF87  	GOTO        MULJPSETFUN32
;__Lib_MathDouble.c,1264 :: 		
MROUND32:
;__Lib_MathDouble.c,1267 :: 		
0x04CE	0xF002EF7A  	GOTO        MUL32OK
;__Lib_MathDouble.c,1268 :: 		
0x04D2	0x80D8      	BSF         STATUS, 0, 0
;__Lib_MathDouble.c,1269 :: 		
0x04D4	0x0E80      	MOVLW       128
;__Lib_MathDouble.c,1270 :: 		
0x04D6	0x6408      	CPFSGT      R8, 0
;__Lib_MathDouble.c,1271 :: 		
0x04D8	0x3000      	RRCF        R0, 0, 0
;__Lib_MathDouble.c,1272 :: 		
0x04DA	0x0E00      	MOVLW       0
;__Lib_MathDouble.c,1273 :: 		
0x04DC	0x2200      	ADDWFC      R0, 1, 0
;__Lib_MathDouble.c,1274 :: 		
0x04DE	0x2201      	ADDWFC      R1, 1, 0
;__Lib_MathDouble.c,1275 :: 		
0x04E0	0x2202      	ADDWFC      R2, 1, 0
;__Lib_MathDouble.c,1277 :: 		
0x04E2	0xA0D8      	BTFSS       STATUS, 0, 0
;__Lib_MathDouble.c,1278 :: 		
0x04E4	0xF002EF7A  	GOTO        MUL32OK
;__Lib_MathDouble.c,1279 :: 		
0x04E8	0x3202      	RRCF        R2, 1, 0
;__Lib_MathDouble.c,1280 :: 		
0x04EA	0x3201      	RRCF        R1, 1, 0
;__Lib_MathDouble.c,1281 :: 		
0x04EC	0x3200      	RRCF        R0, 1, 0
;__Lib_MathDouble.c,1282 :: 		
0x04EE	0x4A03      	INFSNZ      R3, 1, 0
;__Lib_MathDouble.c,1283 :: 		
0x04F0	0xF002EF83  	GOTO        MULJPSETFOV32
;__Lib_MathDouble.c,1285 :: 		
MUL32OK:
;__Lib_MathDouble.c,1286 :: 		
0x04F4	0xAE0A      	BTFSS       R10, 7, 0
;__Lib_MathDouble.c,1287 :: 		
0x04F6	0x9E02      	BCF         R2, 7, 0
;__Lib_MathDouble.c,1289 :: 		
0x04F8	0x0E00      	MOVLW       0
;__Lib_MathDouble.c,1290 :: 		
0x04FA	0xF002EF89  	GOTO        MULEEE
;__Lib_MathDouble.c,1291 :: 		
MULJPRES032:
;__Lib_MathDouble.c,1292 :: 		
0x04FE	0x0E01      	MOVLW       1
;__Lib_MathDouble.c,1295 :: 		
0x0500	0xDDA6      	RCALL       _RES032
;__Lib_MathDouble.c,1297 :: 		
0x0502	0xF002EF89  	GOTO        MULEEE
;__Lib_MathDouble.c,1298 :: 		
MULJPSETFOV32:
;__Lib_MathDouble.c,1299 :: 		
0x0506	0x0E02      	MOVLW       2
;__Lib_MathDouble.c,1302 :: 		
0x0508	0xDE32      	RCALL       _SETFOV32
;__Lib_MathDouble.c,1304 :: 		
0x050A	0xF002EF89  	GOTO        MULEEE
;__Lib_MathDouble.c,1305 :: 		
MULJPSETFUN32:
;__Lib_MathDouble.c,1306 :: 		
0x050E	0x0E04      	MOVLW       4
;__Lib_MathDouble.c,1309 :: 		
0x0510	0xDE13      	RCALL       _SETFUN32
;__Lib_MathDouble.c,1311 :: 		
MULEEE:
;__Lib_MathDouble.c,1318 :: 		
L_end_Mul_32x32_FP:
0x0512	0x0012      	RETURN      0
; end of _Mul_32x32_FP
_Double2Int:
;__Lib_MathDouble.c,1897 :: 		
;__Lib_MathDouble.c,1906 :: 		
0x0514	0x6A0B      	CLRF        R11, 0
;__Lib_MathDouble.c,1907 :: 		
0x0516	0x5003      	MOVF        R3, 0, 0
;__Lib_MathDouble.c,1908 :: 		
0x0518	0xB4D8      	BTFSC       STATUS, 2, 0
;__Lib_MathDouble.c,1909 :: 		
0x051A	0xF002EFD0  	GOTO        IRES016
;__Lib_MathDouble.c,1910 :: 		
0x051E	0x5002      	MOVF        R2, 0, 0
;__Lib_MathDouble.c,1911 :: 		
0x0520	0x6E0A      	MOVWF       R10, 0
;__Lib_MathDouble.c,1912 :: 		
0x0522	0x8E02      	BSF         R2, 7, 0
;__Lib_MathDouble.c,1914 :: 		
0x0524	0x0E8E      	MOVLW       142
;__Lib_MathDouble.c,1915 :: 		
0x0526	0x5E03      	SUBWF       R3, 1, 0
;__Lib_MathDouble.c,1916 :: 		
0x0528	0xAE03      	BTFSS       R3, 7, 0
;__Lib_MathDouble.c,1917 :: 		
0x052A	0xF002EFD4  	GOTO        SETIOV16
;__Lib_MathDouble.c,1918 :: 		
0x052E	0x6C03      	NEGF        R3, 0
;__Lib_MathDouble.c,1920 :: 		
0x0530	0x0E08      	MOVLW       8
;__Lib_MathDouble.c,1921 :: 		
0x0532	0x5C03      	SUBWF       R3, 0, 0
;__Lib_MathDouble.c,1922 :: 		
0x0534	0xA0D8      	BTFSS       STATUS, 0, 0
;__Lib_MathDouble.c,1923 :: 		
0x0536	0xF002EFAF  	GOTO        TSHIFT3216
;__Lib_MathDouble.c,1924 :: 		
0x053A	0x6E03      	MOVWF       R3, 0
;__Lib_MathDouble.c,1925 :: 		
0x053C	0x3601      	RLCF        R1, 1, 0
;__Lib_MathDouble.c,1926 :: 		
0x053E	0xF001C002  	MOVFF       R2, R1
;__Lib_MathDouble.c,1927 :: 		
0x0542	0x6A02      	CLRF        R2, 0
;__Lib_MathDouble.c,1929 :: 		
0x0544	0x0E08      	MOVLW       8
;__Lib_MathDouble.c,1930 :: 		
0x0546	0x5C03      	SUBWF       R3, 0, 0
;__Lib_MathDouble.c,1931 :: 		
0x0548	0xA0D8      	BTFSS       STATUS, 0, 0
;__Lib_MathDouble.c,1932 :: 		
0x054A	0xF002EFAF  	GOTO        TSHIFT3216
;__Lib_MathDouble.c,1933 :: 		
0x054E	0x6E03      	MOVWF       R3, 0
;__Lib_MathDouble.c,1934 :: 		
0x0550	0x3601      	RLCF        R1, 1, 0
;__Lib_MathDouble.c,1935 :: 		
0x0552	0x6A01      	CLRF        R1, 0
;__Lib_MathDouble.c,1937 :: 		
0x0554	0x5003      	MOVF        R3, 0, 0
;__Lib_MathDouble.c,1938 :: 		
0x0556	0xA4D8      	BTFSS       STATUS, 2, 0
;__Lib_MathDouble.c,1939 :: 		
0x0558	0x90D8      	BCF         STATUS, 0, 0
;__Lib_MathDouble.c,1940 :: 		
0x055A	0xF002EFB9  	GOTO        SHIFT3216OK
;__Lib_MathDouble.c,1941 :: 		
TSHIFT3216:
;__Lib_MathDouble.c,1942 :: 		
0x055E	0x5003      	MOVF        R3, 0, 0
;__Lib_MathDouble.c,1943 :: 		
0x0560	0xB4D8      	BTFSC       STATUS, 2, 0
;__Lib_MathDouble.c,1944 :: 		
0x0562	0xF002EFB9  	GOTO        SHIFT3216OK
;__Lib_MathDouble.c,1945 :: 		
SHIFT3216:
;__Lib_MathDouble.c,1946 :: 		
0x0566	0x90D8      	BCF         STATUS, 0, 0
;__Lib_MathDouble.c,1947 :: 		
0x0568	0x3202      	RRCF        R2, 1, 0
;__Lib_MathDouble.c,1948 :: 		
0x056A	0x3201      	RRCF        R1, 1, 0
;__Lib_MathDouble.c,1949 :: 		
0x056C	0x2E03      	DECFSZ      R3, 1, 0
;__Lib_MathDouble.c,1950 :: 		
0x056E	0xF002EFB3  	GOTO        SHIFT3216
;__Lib_MathDouble.c,1951 :: 		
SHIFT3216OK:
;__Lib_MathDouble.c,1952 :: 		
0x0572	0xBC0B      	BTFSC       R11, 6, 0
;__Lib_MathDouble.c,1953 :: 		
0x0574	0xA001      	BTFSS       R1, 0, 0
;__Lib_MathDouble.c,1954 :: 		
0x0576	0xF002EFC6  	GOTO        INT3216OK
;__Lib_MathDouble.c,1955 :: 		
0x057A	0xA0D8      	BTFSS       STATUS, 0, 0
;__Lib_MathDouble.c,1956 :: 		
0x057C	0xF002EFC6  	GOTO        INT3216OK
;__Lib_MathDouble.c,1957 :: 		
0x0580	0x2A01      	INCF        R1, 1, 0
;__Lib_MathDouble.c,1958 :: 		
0x0582	0xB4D8      	BTFSC       STATUS, 2, 0
;__Lib_MathDouble.c,1959 :: 		
0x0584	0x2A02      	INCF        R2, 1, 0
;__Lib_MathDouble.c,1960 :: 		
0x0586	0xBE02      	BTFSC       R2, 7, 0
;__Lib_MathDouble.c,1961 :: 		
0x0588	0xF002EFE3  	GOTO        JPJSETIOV3224
;__Lib_MathDouble.c,1962 :: 		
INT3216OK:
;__Lib_MathDouble.c,1963 :: 		
0x058C	0xAE0A      	BTFSS       R10, 7, 0
;__Lib_MathDouble.c,1964 :: 		
0x058E	0xF002EFE8  	GOTO        INT3216EOK
;__Lib_MathDouble.c,1966 :: 		
0x0592	0x1E02      	COMF        R2, 1, 0
;__Lib_MathDouble.c,1967 :: 		
0x0594	0x1E01      	COMF        R1, 1, 0
;__Lib_MathDouble.c,1968 :: 		
0x0596	0x2A01      	INCF        R1, 1, 0
;__Lib_MathDouble.c,1969 :: 		
0x0598	0xB4D8      	BTFSC       STATUS, 2, 0
;__Lib_MathDouble.c,1970 :: 		
0x059A	0x2A02      	INCF        R2, 1, 0
;__Lib_MathDouble.c,1971 :: 		
0x059C	0xF002EFE8  	GOTO        INT3216EOK
;__Lib_MathDouble.c,1973 :: 		
IRES016:
;__Lib_MathDouble.c,1974 :: 		
0x05A0	0x6A02      	CLRF        R2, 0
;__Lib_MathDouble.c,1975 :: 		
0x05A2	0x6A01      	CLRF        R1, 0
;__Lib_MathDouble.c,1976 :: 		
0x05A4	0xF002EFE8  	GOTO        INT3216EOK
;__Lib_MathDouble.c,1977 :: 		
SETIOV16:
;__Lib_MathDouble.c,1978 :: 		
0x05A8	0x800B      	BSF         R11, 0, 0
;__Lib_MathDouble.c,1979 :: 		
0x05AA	0xAE0B      	BTFSS       R11, 7, 0
;__Lib_MathDouble.c,1980 :: 		
0x05AC	0xF002EFEC  	GOTO        INT3216EER
;__Lib_MathDouble.c,1982 :: 		
0x05B0	0x6A02      	CLRF        R2, 0
;__Lib_MathDouble.c,1983 :: 		
0x05B2	0xAE0A      	BTFSS       R10, 7, 0
;__Lib_MathDouble.c,1984 :: 		
0x05B4	0xF002EFEC  	GOTO        INT3216EER
;__Lib_MathDouble.c,1985 :: 		
0x05B8	0x0EFF      	MOVLW       255
;__Lib_MathDouble.c,1986 :: 		
0x05BA	0x6E02      	MOVWF       R2, 0
;__Lib_MathDouble.c,1987 :: 		
0x05BC	0x6E01      	MOVWF       R1, 0
;__Lib_MathDouble.c,1988 :: 		
0x05BE	0x360A      	RLCF        R10, 1, 0
;__Lib_MathDouble.c,1989 :: 		
0x05C0	0x3202      	RRCF        R2, 1, 0
;__Lib_MathDouble.c,1990 :: 		
0x05C2	0xF002EFEC  	GOTO        INT3216EER
;__Lib_MathDouble.c,1992 :: 		
JPJSETIOV3224:
;__Lib_MathDouble.c,1993 :: 		
0x05C6	0x0E01      	MOVLW       1
;__Lib_MathDouble.c,1994 :: 		
0x05C8	0x6E0C      	MOVWF       R12, 0
;__Lib_MathDouble.c,1996 :: 		
0x05CA	0xDDC3      	RCALL       _SETIOV3224
;__Lib_MathDouble.c,1998 :: 		
0x05CC	0xF002EFEE  	GOTO        INT3216EEE
;__Lib_MathDouble.c,1999 :: 		
INT3216EOK:
;__Lib_MathDouble.c,2000 :: 		
0x05D0	0x0E00      	MOVLW       0
;__Lib_MathDouble.c,2001 :: 		
0x05D2	0x6E0C      	MOVWF       R12, 0
;__Lib_MathDouble.c,2002 :: 		
0x05D4	0xF002EFEE  	GOTO        INT3216EEE
;__Lib_MathDouble.c,2003 :: 		
INT3216EER:
;__Lib_MathDouble.c,2004 :: 		
0x05D8	0x0EFF      	MOVLW       255
;__Lib_MathDouble.c,2005 :: 		
0x05DA	0x6E0C      	MOVWF       R12, 0
;__Lib_MathDouble.c,2006 :: 		
INT3216EEE:
;__Lib_MathDouble.c,2007 :: 		
0x05DC	0x5001      	MOVF        R1, 0, 0
;__Lib_MathDouble.c,2008 :: 		
0x05DE	0x6E00      	MOVWF       R0, 0
;__Lib_MathDouble.c,2009 :: 		
0x05E0	0x5002      	MOVF        R2, 0, 0
;__Lib_MathDouble.c,2010 :: 		
0x05E2	0x6E01      	MOVWF       R1, 0
;__Lib_MathDouble.c,2015 :: 		
L_end_Double2Int:
0x05E4	0x0012      	RETURN      0
; end of _Double2Int
_basamaklar:
;ISI LER.c,18 :: 		void basamaklar()
;ISI LER.c,20 :: 		bin=(derece/1000)+48;
0x05E6	0x0EE8      	MOVLW       232
0x05E8	0x6E04      	MOVWF       R4 
0x05EA	0x0E03      	MOVLW       3
0x05EC	0x6E05      	MOVWF       R5 
0x05EE	0xF000C02E  	MOVFF       _derece, R0
0x05F2	0xF001C02F  	MOVFF       _derece+1, R1
0x05F6	0xDDCD      	RCALL       _Div_16x16_S
0x05F8	0x0E30      	MOVLW       48
0x05FA	0x2400      	ADDWF       R0, 0 
0x05FC	0x6E2D      	MOVWF       _bin 
;ISI LER.c,21 :: 		yuz=((derece/100)%10)+48;
0x05FE	0x0E64      	MOVLW       100
0x0600	0x6E04      	MOVWF       R4 
0x0602	0x0E00      	MOVLW       0
0x0604	0x6E05      	MOVWF       R5 
0x0606	0xF000C02E  	MOVFF       _derece, R0
0x060A	0xF001C02F  	MOVFF       _derece+1, R1
0x060E	0xDDC1      	RCALL       _Div_16x16_S
0x0610	0x0E0A      	MOVLW       10
0x0612	0x6E04      	MOVWF       R4 
0x0614	0x0E00      	MOVLW       0
0x0616	0x6E05      	MOVWF       R5 
0x0618	0xDDBC      	RCALL       _Div_16x16_S
0x061A	0xF000C008  	MOVFF       R8, R0
0x061E	0xF001C009  	MOVFF       R9, R1
0x0622	0x0E30      	MOVLW       48
0x0624	0x2400      	ADDWF       R0, 0 
0x0626	0x6E2C      	MOVWF       _yuz 
;ISI LER.c,22 :: 		on=((derece/10)&10)+48;
0x0628	0x0E0A      	MOVLW       10
0x062A	0x6E04      	MOVWF       R4 
0x062C	0x0E00      	MOVLW       0
0x062E	0x6E05      	MOVWF       R5 
0x0630	0xF000C02E  	MOVFF       _derece, R0
0x0634	0xF001C02F  	MOVFF       _derece+1, R1
0x0638	0xDDAC      	RCALL       _Div_16x16_S
0x063A	0x0E0A      	MOVLW       10
0x063C	0x1400      	ANDWF       R0, 0 
0x063E	0x6E2A      	MOVWF       _on 
0x0640	0x0E30      	MOVLW       48
0x0642	0x262A      	ADDWF       _on, 1 
;ISI LER.c,23 :: 		bir=(derece%10)+48;
0x0644	0x0E0A      	MOVLW       10
0x0646	0x6E04      	MOVWF       R4 
0x0648	0x0E00      	MOVLW       0
0x064A	0x6E05      	MOVWF       R5 
0x064C	0xF000C02E  	MOVFF       _derece, R0
0x0650	0xF001C02F  	MOVFF       _derece+1, R1
0x0654	0xDD9E      	RCALL       _Div_16x16_S
0x0656	0xF000C008  	MOVFF       R8, R0
0x065A	0xF001C009  	MOVFF       R9, R1
0x065E	0x0E30      	MOVLW       48
0x0660	0x2400      	ADDWF       R0, 0 
0x0662	0x6E2B      	MOVWF       _bir 
;ISI LER.c,24 :: 		}
L_end_basamaklar:
0x0664	0x0012      	RETURN      0
; end of _basamaklar
_Lcd_Out:
;__Lib_Lcd.c,184 :: 		
;__Lib_Lcd.c,187 :: 		
0x0666	0xD00F      	BRA         L_Lcd_Out11
;__Lib_Lcd.c,188 :: 		
L_Lcd_Out13:
0x0668	0x0E80      	MOVLW       128
0x066A	0x6E31      	MOVWF       FARG_Lcd_Out_row 
0x066C	0xD019      	BRA         L_Lcd_Out12
;__Lib_Lcd.c,189 :: 		
L_Lcd_Out14:
0x066E	0x0EC0      	MOVLW       192
0x0670	0x6E31      	MOVWF       FARG_Lcd_Out_row 
0x0672	0xD016      	BRA         L_Lcd_Out12
;__Lib_Lcd.c,190 :: 		
L_Lcd_Out15:
0x0674	0x0E94      	MOVLW       148
0x0676	0x6E31      	MOVWF       FARG_Lcd_Out_row 
0x0678	0xD013      	BRA         L_Lcd_Out12
;__Lib_Lcd.c,191 :: 		
L_Lcd_Out16:
0x067A	0x0ED4      	MOVLW       212
0x067C	0x6E31      	MOVWF       FARG_Lcd_Out_row 
0x067E	0xD010      	BRA         L_Lcd_Out12
;__Lib_Lcd.c,192 :: 		
L_Lcd_Out17:
0x0680	0x0E80      	MOVLW       128
0x0682	0x6E31      	MOVWF       FARG_Lcd_Out_row 
;__Lib_Lcd.c,193 :: 		
0x0684	0xD00D      	BRA         L_Lcd_Out12
L_Lcd_Out11:
0x0686	0x5031      	MOVF        FARG_Lcd_Out_row, 0 
0x0688	0x0A01      	XORLW       1
0x068A	0xE0EE      	BZ          L_Lcd_Out13
0x068C	0x5031      	MOVF        FARG_Lcd_Out_row, 0 
0x068E	0x0A02      	XORLW       2
0x0690	0xE0EE      	BZ          L_Lcd_Out14
0x0692	0x5031      	MOVF        FARG_Lcd_Out_row, 0 
0x0694	0x0A03      	XORLW       3
0x0696	0xE0EE      	BZ          L_Lcd_Out15
0x0698	0x5031      	MOVF        FARG_Lcd_Out_row, 0 
0x069A	0x0A04      	XORLW       4
0x069C	0xE0EE      	BZ          L_Lcd_Out16
0x069E	0xD7F0      	BRA         L_Lcd_Out17
L_Lcd_Out12:
;__Lib_Lcd.c,194 :: 		
0x06A0	0x0432      	DECF        FARG_Lcd_Out_column, 0 
0x06A2	0x6E00      	MOVWF       R0 
0x06A4	0x5031      	MOVF        FARG_Lcd_Out_row, 0 
0x06A6	0x2600      	ADDWF       R0, 1 
0x06A8	0xF031C000  	MOVFF       R0, FARG_Lcd_Out_row
;__Lib_Lcd.c,196 :: 		
0x06AC	0xF037C000  	MOVFF       R0, FARG_Lcd_Cmd_out_char
0x06B0	0xDD05      	RCALL       _Lcd_Cmd
;__Lib_Lcd.c,197 :: 		
0x06B2	0x9030      	BCF         __Lib_Lcd_cmd_status, BitPos(__Lib_Lcd_cmd_status+0) 
;__Lib_Lcd.c,198 :: 		
0x06B4	0x6A35      	CLRF        Lcd_Out_i_L0 
;__Lib_Lcd.c,199 :: 		
L_Lcd_Out18:
0x06B6	0x5035      	MOVF        Lcd_Out_i_L0, 0 
0x06B8	0x2433      	ADDWF       FARG_Lcd_Out_text, 0 
0x06BA	0x6EE9      	MOVWF       FSR0L 
0x06BC	0x0E00      	MOVLW       0
0x06BE	0x2034      	ADDWFC      FARG_Lcd_Out_text+1, 0 
0x06C0	0x6EEA      	MOVWF       FSR0H 
0x06C2	0x52EE      	MOVF        POSTINC0, 1 
0x06C4	0xE00B      	BZ          L_Lcd_Out19
;__Lib_Lcd.c,200 :: 		
0x06C6	0x5035      	MOVF        Lcd_Out_i_L0, 0 
0x06C8	0x2433      	ADDWF       FARG_Lcd_Out_text, 0 
0x06CA	0x6EE9      	MOVWF       FSR0L 
0x06CC	0x0E00      	MOVLW       0
0x06CE	0x2034      	ADDWFC      FARG_Lcd_Out_text+1, 0 
0x06D0	0x6EEA      	MOVWF       FSR0H 
0x06D2	0xF036CFEE  	MOVFF       POSTINC0, FARG_Lcd_Chr_CP_out_char
0x06D6	0xDD57      	RCALL       _Lcd_Chr_CP
0x06D8	0x2A35      	INCF        Lcd_Out_i_L0, 1 
0x06DA	0xD7ED      	BRA         L_Lcd_Out18
L_Lcd_Out19:
;__Lib_Lcd.c,201 :: 		
0x06DC	0x8030      	BSF         __Lib_Lcd_cmd_status, BitPos(__Lib_Lcd_cmd_status+0) 
;__Lib_Lcd.c,202 :: 		
L_end_Lcd_Out:
0x06DE	0x0012      	RETURN      0
; end of _Lcd_Out
_Lcd_Chr:
;__Lib_Lcd.c,65 :: 		
;__Lib_Lcd.c,66 :: 		
0x06E0	0xD00F      	BRA         L_Lcd_Chr4
;__Lib_Lcd.c,67 :: 		
L_Lcd_Chr6:
0x06E2	0x0E80      	MOVLW       128
0x06E4	0x6E31      	MOVWF       FARG_Lcd_Chr_row 
0x06E6	0xD019      	BRA         L_Lcd_Chr5
;__Lib_Lcd.c,68 :: 		
L_Lcd_Chr7:
0x06E8	0x0EC0      	MOVLW       192
0x06EA	0x6E31      	MOVWF       FARG_Lcd_Chr_row 
0x06EC	0xD016      	BRA         L_Lcd_Chr5
;__Lib_Lcd.c,69 :: 		
L_Lcd_Chr8:
0x06EE	0x0E94      	MOVLW       148
0x06F0	0x6E31      	MOVWF       FARG_Lcd_Chr_row 
0x06F2	0xD013      	BRA         L_Lcd_Chr5
;__Lib_Lcd.c,70 :: 		
L_Lcd_Chr9:
0x06F4	0x0ED4      	MOVLW       212
0x06F6	0x6E31      	MOVWF       FARG_Lcd_Chr_row 
0x06F8	0xD010      	BRA         L_Lcd_Chr5
;__Lib_Lcd.c,71 :: 		
L_Lcd_Chr10:
0x06FA	0x0E80      	MOVLW       128
0x06FC	0x6E31      	MOVWF       FARG_Lcd_Chr_row 
;__Lib_Lcd.c,72 :: 		
0x06FE	0xD00D      	BRA         L_Lcd_Chr5
L_Lcd_Chr4:
0x0700	0x5031      	MOVF        FARG_Lcd_Chr_row, 0 
0x0702	0x0A01      	XORLW       1
0x0704	0xE0EE      	BZ          L_Lcd_Chr6
0x0706	0x5031      	MOVF        FARG_Lcd_Chr_row, 0 
0x0708	0x0A02      	XORLW       2
0x070A	0xE0EE      	BZ          L_Lcd_Chr7
0x070C	0x5031      	MOVF        FARG_Lcd_Chr_row, 0 
0x070E	0x0A03      	XORLW       3
0x0710	0xE0EE      	BZ          L_Lcd_Chr8
0x0712	0x5031      	MOVF        FARG_Lcd_Chr_row, 0 
0x0714	0x0A04      	XORLW       4
0x0716	0xE0EE      	BZ          L_Lcd_Chr9
0x0718	0xD7F0      	BRA         L_Lcd_Chr10
L_Lcd_Chr5:
;__Lib_Lcd.c,74 :: 		
0x071A	0x0432      	DECF        FARG_Lcd_Chr_column, 0 
0x071C	0x6E00      	MOVWF       R0 
0x071E	0x5031      	MOVF        FARG_Lcd_Chr_row, 0 
0x0720	0x2600      	ADDWF       R0, 1 
0x0722	0xF031C000  	MOVFF       R0, FARG_Lcd_Chr_row
;__Lib_Lcd.c,76 :: 		
0x0726	0x8030      	BSF         __Lib_Lcd_cmd_status, BitPos(__Lib_Lcd_cmd_status+0) 
;__Lib_Lcd.c,77 :: 		
0x0728	0xF037C000  	MOVFF       R0, FARG_Lcd_Cmd_out_char
0x072C	0xDCC7      	RCALL       _Lcd_Cmd
;__Lib_Lcd.c,79 :: 		
0x072E	0x9030      	BCF         __Lib_Lcd_cmd_status, BitPos(__Lib_Lcd_cmd_status+0) 
;__Lib_Lcd.c,80 :: 		
0x0730	0xF037C033  	MOVFF       FARG_Lcd_Chr_out_char, FARG_Lcd_Cmd_out_char
0x0734	0xDCC3      	RCALL       _Lcd_Cmd
;__Lib_Lcd.c,81 :: 		
0x0736	0x8030      	BSF         __Lib_Lcd_cmd_status, BitPos(__Lib_Lcd_cmd_status+0) 
;__Lib_Lcd.c,82 :: 		
L_end_Lcd_Chr:
0x0738	0x0012      	RETURN      0
; end of _Lcd_Chr
_main:
0x073A	0xF004EC26  	CALL        2124, 0
;ISI LER.c,26 :: 		void main()
;ISI LER.c,28 :: 		TRISB.f0=0x00;
0x073E	0x9093      	BCF         TRISB, 0 
;ISI LER.c,29 :: 		PORTB.f0=0x00;
0x0740	0x9081      	BCF         PORTB, 0 
;ISI LER.c,30 :: 		TRISE.F0=0;
0x0742	0x9096      	BCF         TRISE, 0 
;ISI LER.c,31 :: 		PORTE.F0=0;
0x0744	0x9084      	BCF         PORTE, 0 
;ISI LER.c,32 :: 		Lcd_Init();
0x0746	0xDDF0      	RCALL       _Lcd_Init
;ISI LER.c,33 :: 		Lcd_Cmd(_Lcd_CURSOR_OFF);
0x0748	0x0E0C      	MOVLW       12
0x074A	0x6E37      	MOVWF       FARG_Lcd_Cmd_out_char 
0x074C	0xDCB7      	RCALL       _Lcd_Cmd
;ISI LER.c,34 :: 		Lcd_Cmd(_Lcd_CLEAR);
0x074E	0x0E01      	MOVLW       1
0x0750	0x6E37      	MOVWF       FARG_Lcd_Cmd_out_char 
0x0752	0xDCB4      	RCALL       _Lcd_Cmd
;ISI LER.c,35 :: 		CMCON=0x07;
0x0754	0x0E07      	MOVLW       7
0x0756	0x6EB4      	MOVWF       CMCON 
;ISI LER.c,36 :: 		while(1)
L_main0:
;ISI LER.c,38 :: 		okunan=ADC_Read(1);
0x0758	0x0E01      	MOVLW       1
0x075A	0x6E31      	MOVWF       FARG_ADC_Read_channel 
0x075C	0xDE30      	RCALL       _ADC_Read
0x075E	0xF026C000  	MOVFF       R0, _okunan
0x0762	0xF027C001  	MOVFF       R1, _okunan+1
;ISI LER.c,39 :: 		derece=okunan*4.887585552746823069403714565;
0x0766	0xDDB8      	RCALL       _Int2Double
0x0768	0x0E1A      	MOVLW       26
0x076A	0x6E04      	MOVWF       R4 
0x076C	0x0E67      	MOVLW       103
0x076E	0x6E05      	MOVWF       R5 
0x0770	0x0E1C      	MOVLW       28
0x0772	0x6E06      	MOVWF       R6 
0x0774	0x0E81      	MOVLW       129
0x0776	0x6E07      	MOVWF       R7 
0x0778	0xDE3D      	RCALL       _Mul_32x32_FP
0x077A	0xDECC      	RCALL       _Double2Int
0x077C	0xF02EC000  	MOVFF       R0, _derece
0x0780	0xF02FC001  	MOVFF       R1, _derece+1
;ISI LER.c,40 :: 		basamaklar();
0x0784	0xDF30      	RCALL       _basamaklar
;ISI LER.c,41 :: 		Lcd_Chr(1,1,bin);
0x0786	0x0E01      	MOVLW       1
0x0788	0x6E31      	MOVWF       FARG_Lcd_Chr_row 
0x078A	0x0E01      	MOVLW       1
0x078C	0x6E32      	MOVWF       FARG_Lcd_Chr_column 
0x078E	0xF033C02D  	MOVFF       _bin, FARG_Lcd_Chr_out_char
0x0792	0xDFA6      	RCALL       _Lcd_Chr
;ISI LER.c,42 :: 		Lcd_Chr_CP(yuz);
0x0794	0xF036C02C  	MOVFF       _yuz, FARG_Lcd_Chr_CP_out_char
0x0798	0xDCF6      	RCALL       _Lcd_Chr_CP
;ISI LER.c,43 :: 		Lcd_Chr_CP(on);
0x079A	0xF036C02A  	MOVFF       _on, FARG_Lcd_Chr_CP_out_char
0x079E	0xDCF3      	RCALL       _Lcd_Chr_CP
;ISI LER.c,44 :: 		Lcd_Chr_CP('.');
0x07A0	0x0E2E      	MOVLW       46
0x07A2	0x6E36      	MOVWF       FARG_Lcd_Chr_CP_out_char 
0x07A4	0xDCF0      	RCALL       _Lcd_Chr_CP
;ISI LER.c,45 :: 		Lcd_Chr_CP(bir);
0x07A6	0xF036C02B  	MOVFF       _bir, FARG_Lcd_Chr_CP_out_char
0x07AA	0xDCED      	RCALL       _Lcd_Chr_CP
;ISI LER.c,46 :: 		Lcd_Out(1,7,"C");
0x07AC	0x0E01      	MOVLW       1
0x07AE	0x6E31      	MOVWF       FARG_Lcd_Out_row 
0x07B0	0x0E07      	MOVLW       7
0x07B2	0x6E32      	MOVWF       FARG_Lcd_Out_column 
0x07B4	0x0E28      	MOVLW       ?lstr1_ISI_32LER
0x07B6	0x6E33      	MOVWF       FARG_Lcd_Out_text 
0x07B8	0x0E00      	MOVLW       hi_addr(?lstr1_ISI_32LER)
0x07BA	0x6E34      	MOVWF       FARG_Lcd_Out_text+1 
0x07BC	0xDF54      	RCALL       _Lcd_Out
;ISI LER.c,47 :: 		Lcd_Chr_CP(0b11011111);
0x07BE	0x0EDF      	MOVLW       223
0x07C0	0x6E36      	MOVWF       FARG_Lcd_Chr_CP_out_char 
0x07C2	0xDCE1      	RCALL       _Lcd_Chr_CP
;ISI LER.c,48 :: 		delay_ms(100);
0x07C4	0x0E07      	MOVLW       7
0x07C6	0x6E0B      	MOVWF       R11, 0
0x07C8	0x0E17      	MOVLW       23
0x07CA	0x6E0C      	MOVWF       R12, 0
0x07CC	0x0E6A      	MOVLW       106
0x07CE	0x6E0D      	MOVWF       R13, 0
L_main2:
0x07D0	0x2E0D      	DECFSZ      R13, 1, 0
0x07D2	0xD7FE      	BRA         L_main2
0x07D4	0x2E0C      	DECFSZ      R12, 1, 0
0x07D6	0xD7FC      	BRA         L_main2
0x07D8	0x2E0B      	DECFSZ      R11, 1, 0
0x07DA	0xD7FA      	BRA         L_main2
0x07DC	0x0000      	NOP
;ISI LER.c,49 :: 		if(derece>=400)
0x07DE	0x0E80      	MOVLW       128
0x07E0	0x182F      	XORWF       _derece+1, 0 
0x07E2	0x6E00      	MOVWF       R0 
0x07E4	0x0E80      	MOVLW       128
0x07E6	0x0A01      	XORLW       1
0x07E8	0x5C00      	SUBWF       R0, 0 
0x07EA	0xE102      	BNZ         L__main7
0x07EC	0x0E90      	MOVLW       144
0x07EE	0x5C2E      	SUBWF       _derece, 0 
L__main7:
0x07F0	0xE30B      	BNC         L_main3
;ISI LER.c,51 :: 		portb.f0=0x00;
0x07F2	0x9081      	BCF         PORTB, 0 
;ISI LER.c,52 :: 		Lcd_Out(2,1,"SOGUYOR");
0x07F4	0x0E02      	MOVLW       2
0x07F6	0x6E31      	MOVWF       FARG_Lcd_Out_row 
0x07F8	0x0E01      	MOVLW       1
0x07FA	0x6E32      	MOVWF       FARG_Lcd_Out_column 
0x07FC	0x0E1E      	MOVLW       ?lstr2_ISI_32LER
0x07FE	0x6E33      	MOVWF       FARG_Lcd_Out_text 
0x0800	0x0E00      	MOVLW       hi_addr(?lstr2_ISI_32LER)
0x0802	0x6E34      	MOVWF       FARG_Lcd_Out_text+1 
0x0804	0xDF30      	RCALL       _Lcd_Out
;ISI LER.c,53 :: 		PORTE.F0=0x00;
0x0806	0x9084      	BCF         PORTE, 0 
;ISI LER.c,54 :: 		}
L_main3:
;ISI LER.c,55 :: 		if(derece<395)
0x0808	0x0E80      	MOVLW       128
0x080A	0x182F      	XORWF       _derece+1, 0 
0x080C	0x6E00      	MOVWF       R0 
0x080E	0x0E80      	MOVLW       128
0x0810	0x0A01      	XORLW       1
0x0812	0x5C00      	SUBWF       R0, 0 
0x0814	0xE102      	BNZ         L__main8
0x0816	0x0E8B      	MOVLW       139
0x0818	0x5C2E      	SUBWF       _derece, 0 
L__main8:
0x081A	0xE20B      	BC          L_main4
;ISI LER.c,57 :: 		portb.f0=0x01;
0x081C	0x8081      	BSF         PORTB, 0 
;ISI LER.c,58 :: 		PORTE.F0=0x01;
0x081E	0x8084      	BSF         PORTE, 0 
;ISI LER.c,59 :: 		Lcd_Out(2,1,"ISINIYOR");
0x0820	0x0E02      	MOVLW       2
0x0822	0x6E31      	MOVWF       FARG_Lcd_Out_row 
0x0824	0x0E01      	MOVLW       1
0x0826	0x6E32      	MOVWF       FARG_Lcd_Out_column 
0x0828	0x0E15      	MOVLW       ?lstr3_ISI_32LER
0x082A	0x6E33      	MOVWF       FARG_Lcd_Out_text 
0x082C	0x0E00      	MOVLW       hi_addr(?lstr3_ISI_32LER)
0x082E	0x6E34      	MOVWF       FARG_Lcd_Out_text+1 
0x0830	0xDF1A      	RCALL       _Lcd_Out
;ISI LER.c,60 :: 		}
L_main4:
;ISI LER.c,61 :: 		}
0x0832	0xD792      	BRA         L_main0
;ISI LER.c,62 :: 		}
L_end_main:
0x0834	0xD7FF      	BRA         $+0
; end of _main
0x084C	0xF015EE10  	LFSR        1, 21
0x0850	0x0E15      	MOVLW       21
0x0852	0x6E00      	MOVWF       R0 
0x0854	0x0E01      	MOVLW       1
0x0856	0x6E01      	MOVWF       R1 
0x0858	0x0E36      	MOVLW       54
0x085A	0x6EF6      	MOVWF       4086 
0x085C	0x0E08      	MOVLW       8
0x085E	0x6EF7      	MOVWF       TBLPTRH 
0x0860	0x0E00      	MOVLW       0
0x0862	0x6EF8      	MOVWF       TBLPTRU 
0x0864	0xF001EC8C  	CALL        792, 0
0x0868	0x0012      	RETURN      0
;ISI LER.c,0 :: ?ICS?lstr3_ISI_32LER
0x0836	0x5349 ;?ICS?lstr3_ISI_32LER+0
0x0838	0x4E49 ;?ICS?lstr3_ISI_32LER+2
0x083A	0x5949 ;?ICS?lstr3_ISI_32LER+4
0x083C	0x524F ;?ICS?lstr3_ISI_32LER+6
0x083E	0x00 ;?ICS?lstr3_ISI_32LER+8
; end of ?ICS?lstr3_ISI_32LER
;ISI LER.c,0 :: ?ICS?lstr2_ISI_32LER
0x083F	0x4F53 ;?ICS?lstr2_ISI_32LER+0
0x0841	0x5547 ;?ICS?lstr2_ISI_32LER+2
0x0843	0x4F59 ;?ICS?lstr2_ISI_32LER+4
0x0845	0x0052 ;?ICS?lstr2_ISI_32LER+6
; end of ?ICS?lstr2_ISI_32LER
;ISI LER.c,0 :: ?ICS_okunan
0x0847	0x0000 ;?ICS_okunan+0
; end of ?ICS_okunan
;ISI LER.c,0 :: ?ICS?lstr1_ISI_32LER
0x0849	0x0043 ;?ICS?lstr1_ISI_32LER+0
; end of ?ICS?lstr1_ISI_32LER
Symbol List:
//** Routines locations **
//ADDRESS    SIZE    PROCEDURE
//----------------------------------------------
0x001C      [14]    _Delay_1us
0x002A      [22]    _Delay_5500us
0x0040      [14]    _Delay_50us
0x004E      [14]    _RES032
0x005C      [88]    _Div_16x16_S_L
0x00B4       [8]    _FIXSIGN32
0x00BC     [124]    _Lcd_Cmd
0x0138      [26]    _SETFUN32
0x0152      [28]    _SETIOV3224
0x016E      [24]    _SETFOV32
0x0186      [12]    _Lcd_Chr_CP
0x0192     [198]    _Div_16x16_S
0x0258     [114]    _NRM3232
0x02CA      [14]    _Delay_22us
0x02D8      [64]    _Int2Double
0x0318      [16]    ___CC2DW
0x0328     [150]    _Lcd_Init
0x03BE      [54]    _ADC_Read
0x03F4     [288]    _Mul_32x32_FP
0x0514     [210]    _Double2Int
0x05E6     [128]    _basamaklar
0x0666     [122]    _Lcd_Out
0x06E0      [90]    _Lcd_Chr
0x073A     [252]    _main
//** Variables locations ** 
//ADDRESS    SIZE    VARIABLE
//----------------------------------------------
0x0000       [1]    R0
0x0001       [1]    R1
0x0002       [1]    R2
0x0003       [1]    R3
0x0004       [1]    R4
0x0005       [1]    R5
0x0006       [1]    R6
0x0007       [1]    R7
0x0008       [1]    R8
0x0009       [1]    R9
0x000A       [1]    R10
0x000B       [1]    R11
0x000C       [1]    R12
0x000D       [1]    R13
0x000E       [1]    R14
0x000F       [1]    R15
0x0010       [1]    R16
0x0011       [1]    R17
0x0012       [1]    R18
0x0013       [1]    R19
0x0014       [1]    R20
0x0015       [9]    ?lstr3_ISI_32LER
0x001E       [8]    ?lstr2_ISI_32LER
0x0026       [2]    _okunan
0x0028       [2]    ?lstr1_ISI_32LER
0x002A       [1]    _on
0x002B       [1]    _bir
0x002C       [1]    _yuz
0x002D       [1]    _bin
0x002E       [2]    _derece
0x0030       [0]    __Lib_Lcd_cmd_status
0x0031       [1]    FARG_ADC_Read_channel
0x0031       [1]    FARG_Lcd_Chr_row
0x0031       [1]    FARG_Lcd_Out_row
0x0032       [1]    FARG_Lcd_Chr_column
0x0032       [1]    FARG_Lcd_Out_column
0x0033       [2]    FARG_Lcd_Out_text
0x0033       [1]    FARG_Lcd_Chr_out_char
0x0035       [1]    Lcd_Out_i_L0
0x0036       [1]    FARG_Lcd_Chr_CP_out_char
0x0037       [1]    FARG_Lcd_Cmd_out_char
0x0F81       [1]    PORTB
0x0F83       [0]    RD3_bit
0x0F83       [0]    RD4_bit
0x0F83       [0]    RD2_bit
0x0F83       [0]    LCD_RS
0x0F83       [0]    LCD_EN
0x0F83       [0]    LCD_D6
0x0F83       [0]    LCD_D7
0x0F83       [0]    LCD_D4
0x0F83       [0]    LCD_D5
0x0F83       [0]    RD6_bit
0x0F83       [0]    RD5_bit
0x0F83       [0]    RD7_bit
0x0F84       [1]    PORTE
0x0F93       [1]    TRISB
0x0F95       [0]    TRISD5_bit
0x0F95       [0]    TRISD6_bit
0x0F95       [0]    TRISD4_bit
0x0F95       [0]    TRISD3_bit
0x0F95       [0]    TRISD2_bit
0x0F95       [0]    LCD_D6_Direction
0x0F95       [0]    LCD_D5_Direction
0x0F95       [0]    TRISD7_bit
0x0F95       [0]    LCD_D7_Direction
0x0F95       [0]    LCD_EN_Direction
0x0F95       [0]    LCD_RS_Direction
0x0F95       [0]    LCD_D4_Direction
0x0F96       [1]    TRISE
0x0FB4       [1]    CMCON
0x0FC0       [1]    ADCON2
0x0FC2       [1]    ADCON0
0x0FC3       [1]    ADRESL
0x0FC4       [1]    ADRESH
0x0FD8       [1]    STATUS
0x0FD9       [1]    FSR2L
0x0FDA       [1]    FSR2H
0x0FDE       [1]    POSTINC2
0x0FE0       [1]    BSR
0x0FE1       [1]    FSR1L
0x0FE2       [1]    FSR1H
0x0FE4       [1]    PREINC1
0x0FE6       [1]    POSTINC1
0x0FE7       [1]    INDF1
0x0FE8       [1]    WREG
0x0FE9       [1]    FSR0L
0x0FEA       [1]    FSR0H
0x0FEE       [1]    POSTINC0
0x0FF3       [1]    PRODL
0x0FF4       [1]    PRODH
0x0FF5       [1]    TABLAT
0x0FF6       [1]    TBLPTRL
0x0FF7       [1]    TBLPTRH
0x0FF8       [1]    TBLPTRU
//** Constants locations ** 
//ADDRESS    SIZE    CONSTANT
//----------------------------------------------
0x0836       [9]    ?ICS?lstr3_ISI_32LER
0x083F       [8]    ?ICS?lstr2_ISI_32LER
0x0847       [2]    ?ICS_okunan
0x0849       [2]    ?ICS?lstr1_ISI_32LER
//** Label List: ** 
//----------------------------------------------
  L_main0
  L_main1
  L_main2
  L_main3
  L_main4
  L_end_basamaklar
  _basamaklar
  L_end_main
  _main
  L__main7
  L__main8
  L_ADC_Get_Sample0
  L_ADC_Get_Sample1
  L_ADC_Read2
  L_ADC_Read3
  L_end_ADC_Init
  _ADC_Init
  L_end_ADC_Get_Sample
  _ADC_Get_Sample
  L_end_ADC_Read
  _ADC_Read
  L_Delay_1us0
  L_Delay_10us1
  L_Delay_22us2
  L_Delay_50us3
  L_Delay_80us4
  L_Delay_500us5
  L_Delay_5500us6
  L_Delay_1ms7
  L_Delay_5ms8
  L_Delay_8ms9
  L_Delay_100ms10
  L_Delay_10ms11
  L_Delay_1sec12
  L____Boot_Delay4k13
  L____Boot_Delay8k14
  L____Boot_Delay12k15
  L____Boot_Delay16k16
  L____Boot_Delay24k17
  L____Boot_Delay32k18
  L____Boot_Delay48k19
  L____Boot_Delay64k20
  L____Boot_Delay128k21
  L_Delay_Cyc22
  L_Delay_Cyc23
  L_VDelay_ms24
  L_VDelay_ms25
  L_VDelay_ms26
  L_VDelay_Advanced_ms27
  L_VDelay_Advanced_ms28
  L_VDelay_Advanced_ms29
  L_end_Get_Fosc_kHz
  _Get_Fosc_kHz
  L_end_Delay_1us
  _Delay_1us
  L_end_Delay_10us
  _Delay_10us
  L_end_Delay_22us
  _Delay_22us
  L_end_Delay_50us
  _Delay_50us
  L_end_Delay_80us
  _Delay_80us
  L_end_Delay_500us
  _Delay_500us
  L_end_Delay_5500us
  _Delay_5500us
  L_end_Delay_1ms
  _Delay_1ms
  L_end_Delay_5ms
  _Delay_5ms
  L_end_Delay_8ms
  _Delay_8ms
  L_end_Delay_100ms
  _Delay_100ms
  L_end_Delay_10ms
  _Delay_10ms
  L_end_Delay_1sec
  _Delay_1sec
  L_end____Boot_Delay4k
  ____Boot_Delay4k
  L_end____Boot_Delay8k
  ____Boot_Delay8k
  L_end____Boot_Delay12k
  ____Boot_Delay12k
  L_end____Boot_Delay16k
  ____Boot_Delay16k
  L_end____Boot_Delay24k
  ____Boot_Delay24k
  L_end____Boot_Delay32k
  ____Boot_Delay32k
  L_end____Boot_Delay48k
  ____Boot_Delay48k
  L_end____Boot_Delay64k
  ____Boot_Delay64k
  L_end____Boot_Delay128k
  ____Boot_Delay128k
  L_end_Delay_Cyc
  _Delay_Cyc
  L_end_VDelay_ms
  _VDelay_ms
  L__VDelay_ms55
  L__VDelay_ms56
  L__VDelay_ms57
  L_end_VDelay_Advanced_ms
  _VDelay_Advanced_ms
  L__VDelay_Advanced_ms59
  L__VDelay_Advanced_ms60
  L__VDelay_Advanced_ms61
  L_Lcd_Cmd0
  L_Lcd_Cmd1
  L_Lcd_Out_CP2
  L_Lcd_Out_CP3
  L_Lcd_Chr4
  L_Lcd_Chr5
  L_Lcd_Chr6
  L_Lcd_Chr7
  L_Lcd_Chr8
  L_Lcd_Chr9
  L_Lcd_Chr10
  L_Lcd_Out11
  L_Lcd_Out12
  L_Lcd_Out13
  L_Lcd_Out14
  L_Lcd_Out15
  L_Lcd_Out16
  L_Lcd_Out17
  L_Lcd_Out18
  L_Lcd_Out19
  L_end_Lcd_Cmd
  _Lcd_Cmd
  L__Lcd_Cmd21
  L__Lcd_Cmd22
  L__Lcd_Cmd23
  L__Lcd_Cmd24
  L__Lcd_Cmd25
  L__Lcd_Cmd26
  L__Lcd_Cmd27
  L__Lcd_Cmd28
  L__Lcd_Cmd29
  L__Lcd_Cmd30
  L__Lcd_Cmd31
  L__Lcd_Cmd32
  L__Lcd_Cmd33
  L__Lcd_Cmd34
  L__Lcd_Cmd35
  L__Lcd_Cmd36
  L__Lcd_Cmd37
  L__Lcd_Cmd38
  L__Lcd_Cmd39
  L__Lcd_Cmd40
  L_end_Lcd_Chr_CP
  _Lcd_Chr_CP
  L_end_Lcd_Out_CP
  _Lcd_Out_CP
  L_end_Lcd_Chr
  _Lcd_Chr
  L_end_Lcd_Init
  _Lcd_Init
  L_end_Lcd_Out
  _Lcd_Out
  L_Div_16x16_S0
  L_Div_16x16_S1
  LOOPS3232A
  SADD22LA
  SOK22LA
  SADD22L8
  SOK22L8
  LOOPS3232B
  SADD22LB
  SOK22LB
  SADD22L16
  SOK22L16
  LOOPS3232C
  SADD22LC
  SOK22LC
  SADD22L24
  SOK22L24
  LOOPS3232D
  SADD22LD
  SOK22LD
  SOK22L
  L_Div_32x32_S6
  L_Div_32x32_S7
  L_Div_32x32_S8
  L_Div_32x32_S9
  FXD3232S
  END_ALL
  CA3232S
  C3232SX
  C3232SX1
  C3232S
  C3232S2
  C3232SX4
  C3232SOK
  C3232SX3
  C3232SX2
  avoid_comfrem
  LOOPU3232A
  UADD22LA
  UOK22LA
  UADD22L8
  UOK22L8
  LOOPU3232B
  UADD22LB
  UOK22LB
  UADD22L16
  UOK22L16
  LOOPU3232C
  UADD22LC
  UOK22LC
  UADD22L24
  UOK22L24
  LOOPU3232D
  UADD22LD
  UOK22LD
  UOK22L
  _NEXT
  _EXIT2
  _LOOP
  _EXIT1
  _IF_FIRST
  _IF_SECOND
  _INVERCE_FIRST
  _MULT
  _INBERSE_SECOND
  _EXIT
  L_end_Div_8x8_U
  _Div_8x8_U
  L_end_Div_16x16_U
  _Div_16x16_U
  L_end_Div_16x16_S_L
  _Div_16x16_S_L
  L_end_Div_16x16_S
  _Div_16x16_S
  L_end_Div_8x8_S
  _Div_8x8_S
  L_end_Mul_8x8_S
  _Mul_8x8_S
  L_end_Mul_16x16_U
  _Mul_16x16_U
  L_end_Mul_16x16_S
  _Mul_16x16_S
  L_end_SDIV3232L
  _SDIV3232L
  L_end_COMFREM
  _COMFREM
  L_end_Div_32x32_S
  _Div_32x32_S
  L_end_Div_32x32_U
  _Div_32x32_U
  L_end_Mul_32x32_U
  _Mul_32x32_U
  L_end_Mul_32x32_S
  _Mul_32x32_S
  SETFOV32EEE
  SETFUN32EEE
  NRMRND4032
  NRM40JPSETFOV32
  NRM4032
  NRM4032A
  TNIB4032
  NORM4032
  TNORMUN4032
  NRM40JPSETFUN32
  NRM40JPFIXSIGN32
  NRM4032B
  TNIB4032A
  NORM4032A
  NRM4032C
  TNIB4032B
  NORM4032B
  NRM40JPRES032
  TNIB4032C
  NORM4032C
  NRM40EEE
  NORM3232
  JPNRES032
  JPNSETFUN32
  NORM3232A
  JMPNFIXSIGN32
  NORM32EEE
  SETIOV3224EEE
  FPA32
  USEA32
  USEB32
  BRETURN32
  BLIGNED32
  BNIB32
  BNIB32A
  BNIB32B
  BNIB32C
  ADDEOK
  BLOOP32C
  BLOOP32B
  BLOOP32A
  BLOOP32
  AOK32
  BNE032
  ALIGNED32
  ANIB32
  ANIB32A
  ANIB32B
  ANIB32C
  ALOOP32C
  ALOOP32B
  ALOOP32A
  ALOOP32
  ACOMP32
  ADDJPNRMRND4032
  ADDJPSETFOV32
  ADDJPNRM4032
  ADDEEE
  FPS32
  FPM32
  MULJPRES032
  M32BNE0
  MTUN32
  MULJPSETFOV32
  MOK32
  MULJPSETFUN32
  MROUND32
  MUL32OK
  MULEEE
  L_Div_32x32_FP11
  L_Div_32x32_FP12
  L_Div_32x32_FP13
  L_Div_32x32_FP14
  FPD32
  JPDSETFDZ32
  JPDRES032
  D32BNE0
  TALIGN32
  TS1ALIGN32
  TS2ALIGN32
  DALIGN32OK
  ALTB32
  AGEB32
  JPDSETFOV32
  DARGOK32
  JPDSETFUN32
  DLOOP32
  DS132
  DS232
  DREST32
  DOK32
  DAREST32
  DROUND32
  DIV32OK
  DIV32EEE
  INT3232U
  INT3232UEOK
  SETEXP32U
  SETIOV32U
  TSHIFT3232U
  SHIFT3232UOK
  SHIFT3232U
  INT3232UOK
  JPLSETIOV3224
  IRES032U
  INT3232UEER
  INT3232UEEE
  INT3232
  INT3232EOK
  SETIOV32
  TSHIFT3232
  SHIFT3232OK
  SHIFT3232
  INT3232OK
  JPISETIOV3224
  IRES032
  INT3232EER
  INT3232EEE
  INT3216
  IRES016
  SETIOV16
  TSHIFT3216
  SHIFT3216OK
  SHIFT3216
  INT3216OK
  JPJSETIOV3224
  INT3216EOK
  INT3216EER
  INT3216EEE
  INT3216U
  IRES016U
  SETEXP16U
  SETIOV16U
  TSHIFT3216U
  SHIFT3216UOK
  SHIFT3216U
  INT3216UOK
  JPKSETIOV3224
  INT3216UEOK
  INT3216UEER
  INT3216UEEE
  INT32U08
  IRES008
  SETEXP08
  SETIOV08
  TSHIFT3208
  SHIFT3208OK
  SHIFT3208
  INT3208OK
  D2B_JPKSETIOV3224
  INT3208EOK
  INT3208EER
  INT3208EEE
  FLO08U32
  FLO1632
  FLO1632EEE
  FLO16U32
  FLO3232
  FLO3232EEE
  FLO32U32
  EQU_FALSE
  COMPARE_EQU
  COMPARE_NOTZERO
  COMPARE_XNOTZERO
  COMPARE_YNOTZERO
  COMPARE_LT
  COMPARE_GT
  COMPARE_TESTALL
  COMPARE_C1
  GT_FALSE
  GT_TRUE
  COMPARE_C2
  COMPARE_C3
  L_end_SETFOV32
  _SETFOV32
  L_end_SETFDZ32
  _SETFDZ32
  L_end_FIXSIGN32
  _FIXSIGN32
  L_end_RES032
  _RES032
  L_end_SETFUN32
  _SETFUN32
  L_end_NRM4032
  _NRM4032
  L_end_NRM3232
  _NRM3232
  L_end_SETIOV3224
  _SETIOV3224
  L_end_Add_32x32_FP
  _Add_32x32_FP
  L_end_Sub_32x32_FP
  _Sub_32x32_FP
  L_end_Mul_32x32_FP
  _Mul_32x32_FP
  L_end_Div_32x32_FP
  _Div_32x32_FP
  L_end_Double2Longword
  _Double2Longword
  L_end_Double2Longint
  _Double2Longint
  L_end_Double2Int
  _Double2Int
  L_end_Double2Word
  _Double2Word
  L_end_Double2Byte
  _Double2Byte
  L_end_Byte2Double
  _Byte2Double
  L_end_Int2Double
  _Int2Double
  L_end_Word2Double
  _Word2Double
  L_end_Longint2Double
  _Longint2Double
  L_end_Longword2Double
  _Longword2Double
  L_end_Equals_Double
  _Equals_Double
  L_end_Compare_Double
  _Compare_Double
  _CC2D_Loop1
  _CC2DL_Loop1
  L_loopCA2AWs
  L_loopCCA2AWs
  L_loopCS2Ss
  L_CS2Send
  L_loopCCS2Ss
  L_CCS2Send
  L_loopFZinSWs
  L_longjmp7
  L_end___CC2D
  ___CC2D
  L_end___CC2DW
  ___CC2DW
  L_end___CA2AW
  ___CA2AW
  L_end___CCA2AW
  ___CCA2AW
  L_end___CS2S
  ___CS2S
  L_end___CCS2S
  ___CCS2S
  L_end___FZinS
  ___FZinS
  L_end_____DoIFC
  _____DoIFC
  L_end_Swap
  _Swap
  L_end_setjmp
  _setjmp
  L_end_longjmp
  _longjmp
